Log file open, 09/09/16 21:56:03
LogInit:Display: Running engine for game: LevelEditingTutorial
LogPlatformFile: Not using cached read wrapper
LogInit:Display: RandInit(831368526) SRandInit(831368531).
LogTaskGraph: Started task graph with 4 named threads and 5 total threads with 1 sets of task threads.
LogStats: Stats thread started at 0.207482
LogInit: Version: 4.12.5-3039270+++UE4+Release-4.12
LogInit: API Version: 2992821
LogInit: Net Version: 3039270
LogDevObjectVersion: Number of dev versions registered: 13
LogDevObjectVersion:   Dev-Blueprints (B0D832E4-1F89-4F0D-ACCF-7EB736FD4AA2): 3
LogDevObjectVersion:   Dev-Build (E1C64328-A22C-4D53-A36C-8E866417BD8C): 0
LogDevObjectVersion:   Dev-Core (375EC13C-06E4-48FB-B500-84F0262A717E): 1
LogDevObjectVersion:   Dev-Editor (E4B068ED-F494-42E9-A231-DA0B2E46BB41): 2
LogDevObjectVersion:   Dev-Framework (CFFC743F-43B0-4480-9391-14DF171D2073): 6
LogDevObjectVersion:   Dev-Mobile (B02B49B5-BB20-44E9-A304-32B752E40360): 0
LogDevObjectVersion:   Dev-Networking (A4E4105C-59A1-49B5-A7C5-40C4547EDFEE): 0
LogDevObjectVersion:   Dev-Online (39C831C9-5AE6-47DC-9A44-9C173E1C8E7C): 0
LogDevObjectVersion:   Dev-Physics (78F01B33-EBEA-4F98-B9B4-84EACCB95AA2): 0
LogDevObjectVersion:   Dev-Platform (6631380F-2D4D-43E0-8009-CF276956A95A): 0
LogDevObjectVersion:   Dev-Rendering (12F88B9F-8875-4AFC-A67C-D90C383ABD29): 2
LogDevObjectVersion:   Dev-Sequencer (7B5AE74C-D270-4C10-A958-57980B212A5A): 0
LogDevObjectVersion:   Dev-VR (D7296918-1DD6-4BDD-9DE2-64A83CC13884): 0
LogInit: Compiled (64-bit): Jul  6 2016 09:09:46
LogInit: Compiled with Visual C++: 19.00.23026.00
LogInit: Build Configuration: Development
LogInit: Branch Name: ++UE4+Release-4.12
LogInit: Command line: -EpicPortal 
LogInit: Base directory: C:/Program Files (x86)/Epic Games/4.12/Engine/Binaries/Win64/
LogInit: Installed Engine Build: 1
LogInit: Using libcurl 7.41.0
LogInit:  - built for x86_64-pc-win32
LogInit:  - supports SSL with WinSSL
LogInit:  - other features:
LogInit:      CURL_VERSION_SSL
LogInit:      CURL_VERSION_IPV6
LogInit:      CURL_VERSION_ASYNCHDNS
LogInit:      CURL_VERSION_LARGEFILE
LogInit:      CURL_VERSION_IDN
LogInit:  CurlRequestOptions (configurable via config and command line):
LogInit:  - bVerifyPeer = true  - Libcurl will verify peer certificate
LogInit:  - bUseHttpProxy = false  - Libcurl will NOT use HTTP proxy
LogInit:  - bDontReuseConnections = false  - Libcurl will reuse connections
LogInit:  - CertBundlePath = nullptr  - Libcurl will use whatever was configured at build time.
LogInit: Presizing for max 8388607 objects, including 0 objects not considered by GC, pre-allocating 0 bytes for permanent pool.
LogInit: Object subsystem initialized
[2016.09.09-18.56.03:697][  0]LogInit: Selected Device Profile: [Windows]
[2016.09.09-18.56.03:698][  0]LogInit: Applying CVar settings loaded from the selected device profile: [Windows]
[2016.09.09-18.56.03:814][  0]LogInit: Computer: ARCHI-PC
[2016.09.09-18.56.03:814][  0]LogInit: User: Artem
[2016.09.09-18.56.03:814][  0]LogInit: CPU Page size=65536, Cores=2
[2016.09.09-18.56.03:814][  0]LogInit: High frequency timer resolution =2.435781 MHz
[2016.09.09-18.56.03:815][  0]LogMemory: Memory total: Physical=7.8GB (8GB approx)
[2016.09.09-18.56.03:815][  0]LogMemory: Platform Memory Stats for Windows
[2016.09.09-18.56.03:815][  0]LogMemory: Process Physical Memory: 187.90 MB used, 187.90 MB peak
[2016.09.09-18.56.03:815][  0]LogMemory: Process Virtual Memory: 194.69 MB used, 194.69 MB peak
[2016.09.09-18.56.03:816][  0]LogMemory: Physical Memory: 5223.94 MB used, 7948.36 MB total
[2016.09.09-18.56.03:816][  0]LogMemory: Virtual Memory: 534.21 MB used, 134217728.00 MB total
[2016.09.09-18.56.04:172][  0]LogTextLocalizationManager: No specific translations for ('en-US') exist, so ('en') translations will be used.
[2016.09.09-18.56.06:217][  0]LogD3D11RHI: D3D11 adapters:
[2016.09.09-18.56.06:276][  0]LogD3D11RHI:    0. 'NVIDIA GeForce GT 740M     ' (Feature Level 11_0)
[2016.09.09-18.56.06:276][  0]LogD3D11RHI:       1992/0/2048 MB DedicatedVideo/DedicatedSystem/SharedSystem, Outputs:2, VendorId:0x10de
[2016.09.09-18.56.06:296][  0]LogD3D11RHI:    1. 'Intel(R) HD Graphics 4600' (Feature Level 11_0)
[2016.09.09-18.56.06:296][  0]LogD3D11RHI:       128/0/1792 MB DedicatedVideo/DedicatedSystem/SharedSystem, Outputs:0, VendorId:0x8086
[2016.09.09-18.56.06:299][  0]LogD3D11RHI:    2. 'Microsoft Basic Render Driver' (Feature Level 11_0)
[2016.09.09-18.56.06:299][  0]LogD3D11RHI:       0/0/256 MB DedicatedVideo/DedicatedSystem/SharedSystem, Outputs:0, VendorId:0x1414
[2016.09.09-18.56.06:299][  0]LogD3D11RHI: Chosen D3D11 Adapter: 0
[2016.09.09-18.56.06:314][  0]LogD3D11RHI: Creating new Direct3DDevice
[2016.09.09-18.56.06:315][  0]LogD3D11RHI:     GPU DeviceId: 0x1292 (for the marketing name, search the web for "GPU Device Id")
[2016.09.09-18.56.06:315][  0]LogWindows: EnumDisplayDevices:
[2016.09.09-18.56.06:315][  0]LogWindows:    0. 'Intel(R) HD Graphics 4600' (P:0 D:1)
[2016.09.09-18.56.06:316][  0]LogWindows:    1. 'Intel(R) HD Graphics 4600' (P:1 D:1)
[2016.09.09-18.56.06:317][  0]LogWindows:    2. 'Intel(R) HD Graphics 4600' (P:0 D:0)
[2016.09.09-18.56.06:317][  0]LogWindows: DebugString: PrimaryIsNotTheChoosenAdapter PrimaryIsNotTheChoosenAdapter PrimaryIsNotTheChoosenAdapter FoundDriverCount:0 
[2016.09.09-18.56.06:317][  0]LogD3D11RHI:     Adapter Name: NVIDIA GeForce GT 740M     
[2016.09.09-18.56.06:317][  0]LogD3D11RHI:   Driver Version: Unknown (internal:Unknown, unified:Unknown)
[2016.09.09-18.56.06:317][  0]LogD3D11RHI:      Driver Date: Unknown
[2016.09.09-18.56.06:317][  0]LogRHI: Texture pool is 1361 MB (70% of 1945 MB)
[2016.09.09-18.56.06:353][  0]LogD3D11RHI: Async texture creation enabled
[2016.09.09-18.56.06:382][  0]LogD3D11RHI: GPU Timing Frequency: 1000.000000 (Debug: 2 2)
[2016.09.09-18.56.06:383][  0]LogShaderCompilers: Guid format shader working directory is -30 characters bigger than the processId version (../../../../../../Users/Artem/Documents/Unreal Projects/LevelEditingTutorial/Intermediate/Shaders/WorkingDirectory/7796/).
[2016.09.09-18.56.06:383][  0]LogShaderCompilers: Cleaned the shader compiler working directory 'C:/Users/Artem/AppData/Local/Temp/UnrealShaderWorkingDir/8DC95BA24EFB2DEE1ED27D96FA3F2F64/'.
[2016.09.09-18.56.06:383][  0]LogShaderCompilers:Display: Using Local Shader Compiler.
[2016.09.09-18.56.12:804][  0]LogTemp:Display: Loaded TP AllDesktopTargetPlatform
[2016.09.09-18.56.12:839][  0]LogTemp:Display: Loaded TP WindowsClientTargetPlatform
[2016.09.09-18.56.12:873][  0]LogTemp:Display: Loaded TP WindowsNoEditorTargetPlatform
[2016.09.09-18.56.12:909][  0]LogTemp:Display: Loaded TP WindowsServerTargetPlatform
[2016.09.09-18.56.12:947][  0]LogTemp:Display: Loaded TP WindowsTargetPlatform
[2016.09.09-18.56.12:986][  0]LogTemp:Display: Loaded TP AndroidTargetPlatform
[2016.09.09-18.56.13:016][  0]LogTemp:Display: Loaded TP Android_ASTCTargetPlatform
[2016.09.09-18.56.13:045][  0]LogTemp:Display: Loaded TP Android_ATCTargetPlatform
[2016.09.09-18.56.13:077][  0]LogTemp:Display: Loaded TP Android_DXTTargetPlatform
[2016.09.09-18.56.13:107][  0]LogTemp:Display: Loaded TP Android_ETC1TargetPlatform
[2016.09.09-18.56.13:138][  0]LogTemp:Display: Loaded TP Android_ETC2TargetPlatform
[2016.09.09-18.56.13:204][  0]LogTemp:Display: Loaded TP Android_MultiTargetPlatform
[2016.09.09-18.56.13:204][  0]LogTemp:Display: Loaded TP Android_PVRTCTargetPlatform
[2016.09.09-18.56.13:209][  0]LogTemp:Display: Loaded TP HTML5TargetPlatform
[2016.09.09-18.56.13:275][  0]LogTemp:Display: Loaded TP IOSTargetPlatform
[2016.09.09-18.56.13:304][  0]LogTemp:Display: Loaded TP TVOSTargetPlatform
[2016.09.09-18.56.13:333][  0]LogTemp:Display: Loaded TP LinuxNoEditorTargetPlatform
[2016.09.09-18.56.13:361][  0]LogTemp:Display: Loaded TP LinuxServerTargetPlatform
[2016.09.09-18.56.13:536][  0]LogTemp:Display: Loaded TP LinuxTargetPlatform
[2016.09.09-18.56.13:536][  0]LogTargetPlatformManager:Display: Building Assets For Windows
[2016.09.09-18.56.13:768][  0]LogDerivedDataCache:Display: Max Cache Size: 512 MB
[2016.09.09-18.56.14:543][  0]LogDerivedDataCache: Loaded boot cache 0.77s 48MB C:/Users/Artem/AppData/Local/UnrealEngine/4.12/DerivedDataCache/Boot.ddc.
[2016.09.09-18.56.14:544][  0]LogDerivedDataCache:Display: Loaded Boot cache: C:/Users/Artem/AppData/Local/UnrealEngine/4.12/DerivedDataCache/Boot.ddc
[2016.09.09-18.56.14:544][  0]LogDerivedDataCache: FDerivedDataBackendGraph:  Pak pak cache file ../../../../../../Users/Artem/Documents/Unreal Projects/LevelEditingTutorial/DerivedDataCache/DDC.ddp not found, will not use a pak cache.
[2016.09.09-18.56.14:544][  0]LogDerivedDataCache: Unable to find inner node Pak for hierarchical cache Hierarchy.
[2016.09.09-18.56.14:544][  0]LogDerivedDataCache: FDerivedDataBackendGraph:  CompressedPak pak cache file ../../../../../../Users/Artem/Documents/Unreal Projects/LevelEditingTutorial/DerivedDataCache/Compressed.ddp not found, will not use a pak cache.
[2016.09.09-18.56.14:544][  0]LogDerivedDataCache: Unable to find inner node CompressedPak for hierarchical cache Hierarchy.
[2016.09.09-18.56.14:616][  0]LogDerivedDataCache:Display: Pak cache opened for reading ../../../Engine/DerivedDataCache/Compressed.ddp.
[2016.09.09-18.56.14:631][  0]LogDerivedDataCache: Using Local data cache path C:/Users/Artem/AppData/Local/UnrealEngine/Common/DerivedDataCache: Writable
[2016.09.09-18.56.15:615][  0]LogInit: Selected Device Profile: [Windows]
[2016.09.09-18.56.15:618][  0]LogContentStreaming: Texture pool size is 0.00 MB
[2016.09.09-18.56.16:248][  0]LogMeshUtilities: No automatic mesh reduction module available
[2016.09.09-18.56.16:248][  0]LogMeshUtilities: No automatic mesh merging module available
[2016.09.09-18.56.16:248][  0]LogMeshUtilities: No distributed automatic mesh merging module available
[2016.09.09-18.56.17:205][  0]LogAssetRegistry: FAssetRegistry took 0.0227 seconds to start up
[2016.09.09-18.56.17:316][  0]LogPackageLocalizationCache: Processed 3 localized package path(s) for 2 prioritized culture(s) in 0.097239 seconds
[2016.09.09-18.56.17:340][  0]LogUObjectArray: 28739 objects as part of root set at end of initial load.
[2016.09.09-18.56.17:340][  0]LogUObjectAllocator: 5855624 out of 0 bytes used by permanent object pool.
[2016.09.09-18.56.17:340][  0]LogUObjectArray: CloseDisregardForGC: 0/0 objects in disregard for GC pool
[2016.09.09-18.56.17:372][  0]LogInit: WinSock: version 1.1 (2.2), MaxSocks=32767, MaxUdp=65467
[2016.09.09-18.56.18:538][  0]LogSlate: SlateFontCache - WITH_FREETYPE: 1, WITH_HARFBUZZ: 1
[2016.09.09-18.56.18:539][  0]LogSlate: SlateFontCache - WITH_FREETYPE: 1, WITH_HARFBUZZ: 1
[2016.09.09-18.56.35:316][  0]LogUdpMessaging: Initializing bridge on interface 0.0.0.0:0 to multicast group 230.0.0.1:6666.
[2016.09.09-18.56.36:134][  0]SourceControl: Info Source control is disabled
[2016.09.09-18.56.36:137][  0]SourceControl: Info Source control is disabled
[2016.09.09-18.56.36:163][  0]SourceControl: Info Source control is disabled
[2016.09.09-18.56.36:187][  0]SourceControl: Info Source control is disabled
[2016.09.09-18.56.36:971][  0]LogEngine: Initializing Engine...
[2016.09.09-18.56.36:974][  0]LogHMD: SteamVR failed to initialize.  Err: 110
[2016.09.09-18.56.36:975][  0]LogHMD: SteamVR failed to initialize.  Err: 110
[2016.09.09-18.56.37:520][  0]LogAIModule: Creating AISystem for world NewWorld
[2016.09.09-18.56.37:534][  0]LogInit: XAudio2 using 'PL2390 (High Definition Audio Device)' : 2 channels at 44.1 kHz using 16 bits per sample (channel mask 0x3)
[2016.09.09-18.56.37:577][  0]LogInit: FAudioDevice initialized.
[2016.09.09-18.56.37:645][  0]LogDerivedDataCache: Saved boot cache 0.07s 48MB C:/Users/Artem/AppData/Local/UnrealEngine/4.12/DerivedDataCache/Boot.ddc.
[2016.09.09-18.56.37:666][  0]LogInit: Texture streaming: Enabled
[2016.09.09-18.56.37:792][  0]LogInit: Transaction tracking system initialized
[2016.09.09-18.56.37:953][  0]BlueprintLog: New page: Editor Load
[2016.09.09-18.56.38:357][  0]LocalizationService: Info Localization service is disabled
[2016.09.09-18.56.38:638][  0]LogConsoleResponse:Display: 
[2016.09.09-18.56.40:163][  0]LogCook:Display: Max memory allowance for cook 8192mb
[2016.09.09-18.56.40:163][  0]LogCook:Display: Mobile HDR setting 1
[2016.09.09-18.56.40:905][  0]LogFileCache: Scanning file cache for directory 'C:/Users/Artem/Documents/Unreal Projects/LevelEditingTutorial/Content/' took 0.03s
[2016.09.09-18.56.42:338][  0]SourceControl: Info Source control is disabled
[2016.09.09-18.56.42:338][  0]Cmd: MAP LOAD FILE="../../../../../../Users/Artem/Documents/Unreal Projects/LevelEditingTutorial/Content/FirstPersonBP/Maps/FirstPersonExampleMap.umap" TEMPLATE=0 SHOWPROGRESS=1 FEATURELEVEL=3
[2016.09.09-18.56.42:339][  0]LightingResults: New page: Lighting Build
[2016.09.09-18.56.42:348][  0]MapCheck: New page: Map Check
[2016.09.09-18.56.42:348][  0]LightingResults: New page: Lighting Build
[2016.09.09-18.56.50:539][  0]LogAIModule: Creating AISystem for world FirstPersonExampleMap
[2016.09.09-18.56.51:727][  0]LogEditorServer: Finished looking for orphan Actors (0.000 secs)
[2016.09.09-18.56.51:740][  0]Cmd: MAP CHECKDEP NOCLEARLOG
[2016.09.09-18.56.51:933][  0]MapCheck: Info Map check complete: 0 Error(s), 0 Warning(s), took 191.157ms to complete.
[2016.09.09-18.56.51:933][  0]LogFileHelpers: Loading map 'FirstPersonExampleMap' took 9.594
[2016.09.09-18.56.53:273][  0]LogCollectionManager: Loaded 0 collections in 0.005944 seconds
[2016.09.09-18.56.53:631][  0]LogFileCache: Scanning file cache for directory 'C:/Users/Artem/Documents/Unreal Projects/LevelEditingTutorial/Saved/Collections/' took 0.01s
[2016.09.09-18.56.53:631][  0]LogFileCache: Scanning file cache for directory 'C:/Users/Artem/Documents/Unreal Projects/LevelEditingTutorial/Content/Developers/Artem/Collections/' took 0.01s
[2016.09.09-18.56.53:631][  0]LogFileCache: Scanning file cache for directory 'C:/Users/Artem/Documents/Unreal Projects/LevelEditingTutorial/Content/Collections/' took 0.01s
[2016.09.09-18.56.53:631][  0]LogCollectionManager: Rebuilt the GUID cache for 0 collections in 0.000008 seconds
[2016.09.09-18.56.53:723][  0]LogContentBrowser: Native class hierarchy populated in 0.0914 seconds. Added 2047 classes and 369 folders.
[2016.09.09-18.56.53:780][  0]LogStats: UGameplayTagsManager::ConstructGameplayTagTree: Construct from data asset -  0.000 s
[2016.09.09-18.56.53:781][  0]LogStats: UGameplayTagsManager::ConstructGameplayTagTree: GameplayTagTreeChangedEvent.Broadcast -  0.000 s
[2016.09.09-18.56.53:820][  0]LogContentBrowser: Native class hierarchy updated for 'GameplayTags' in 0.0307 seconds. Added 12 classes and 0 folders.
[2016.09.09-18.56.53:865][  0]LogContentBrowser: Native class hierarchy updated for 'WidgetCarousel' in 0.0013 seconds. Added 0 classes and 0 folders.
[2016.09.09-18.56.56:693][  0]LogContentBrowser: Native class hierarchy updated for 'AddContentDialog' in 0.0019 seconds. Added 0 classes and 0 folders.
[2016.09.09-18.56.56:792][  0]LogContentBrowser: Native class hierarchy updated for 'SceneOutliner' in 0.0014 seconds. Added 1 classes and 2 folders.
[2016.09.09-18.56.57:242][  0]LogCrashTracker: Crashtracker disabled due to settings.
[2016.09.09-18.56.57:277][  0]LogUObjectGlobals:Warning: Failed to find object 'Class None.'
[2016.09.09-18.56.57:345][  0]LogContentBrowser: Native class hierarchy updated for 'HierarchicalLODOutliner' in 0.0022 seconds. Added 1 classes and 2 folders.
[2016.09.09-18.56.57:346][  0]LogLoad: Full Startup: 57.53 seconds (BP compile: 0.64 seconds)
[2016.09.09-18.56.57:346][  0]LogExternalProfiler: Found external profiler: VSPerf
[2016.09.09-18.56.57:346][  0]LogExternalProfiler: Using external profiler: VSPerf
[2016.09.09-18.56.57:369][  0]LogOcInput: OculusInput pre-init called
[2016.09.09-18.56.57:445][  0]LogContentStreaming: Texture pool size now 1000 MB
[2016.09.09-18.56.58:664][  0]LogRenderer: Reallocating scene render targets to support 1212x576 (Frame:2).
[2016.09.09-18.57.07:514][291]LogAssetRegistry: Asset discovery search completed in 50.3319 seconds
[2016.09.09-18.57.07:515][291]LogCollectionManager: Rebuilt the object cache for 0 collections in 0.000002 seconds (found 0 objects)
[2016.09.09-18.57.07:515][291]LogCollectionManager: Fixed up redirectors for 0 collections in 0.000113 seconds (updated 0 objects)
[2016.09.09-18.57.34:477][183]Cmd: MAP LOAD FILE="../../../../../../Users/Artem/Documents/Unreal Projects/LevelEditingTutorial/Content/LevelEditingTutorial/Maps/LevelEditing.umap" TEMPLATE=0 SHOWPROGRESS=1 FEATURELEVEL=3
[2016.09.09-18.57.34:553][183]LightingResults: New page: Lighting Build
[2016.09.09-18.57.34:555][183]LoadErrors: New page: Loading map: LevelEditing.umap
[2016.09.09-18.57.34:569][183]MapCheck: New page: Map Check
[2016.09.09-18.57.34:570][183]LightingResults: New page: Lighting Build
[2016.09.09-18.57.35:408][183]LogTexture:Display: Building textures: T_Wood_Floor_Walnut_M (AutoDXT)
[2016.09.09-18.58.01:955][183]LogTexture:Display: Building textures: T_Wood_Floor_Walnut_N (BC5)
[2016.09.09-18.58.04:985][183]LogTexture:Display: Building textures: T_Wood_Floor_Walnut_D (AutoDXT)
[2016.09.09-18.58.31:489][183]LogTexture:Display: Building textures: T_Rock_Marble_Polished_D (AutoDXT)
[2016.09.09-18.58.45:689][183]LogTexture:Display: Building textures: HQ_Lightmap0_1 (AutoDXT)
[2016.09.09-18.58.46:463][183]LogTexture:Display: Building textures: HQ_Lightmap0_2 (AutoDXT)
[2016.09.09-18.58.46:559][183]LogTexture:Display: Building textures: HQ_Lightmap0_3 (AutoDXT)
[2016.09.09-18.58.46:584][183]LogTexture:Display: Building textures: LQ_Lightmap_0_1 (DXT1)
[2016.09.09-18.58.46:992][183]LogTexture:Display: Building textures: LQ_Lightmap_0_2 (DXT1)
[2016.09.09-18.58.47:041][183]LogTexture:Display: Building textures: LQ_Lightmap_0_3 (DXT1)
[2016.09.09-18.58.47:053][183]LogTexture:Display: Building textures: ShadowMapTexture2D_10 (BGRA8)
[2016.09.09-18.58.47:081][183]LogTexture:Display: Building textures: ShadowMapTexture2D_11 (BGRA8)
[2016.09.09-18.58.47:087][183]LogTexture:Display: Building textures: ShadowMapTexture2D_12 (G8)
[2016.09.09-18.58.47:310][183]LogAIModule: Creating AISystem for world LevelEditing
[2016.09.09-18.58.47:339][183]LogEditorServer: Finished looking for orphan Actors (0.000 secs)
[2016.09.09-18.58.47:531][183]Cmd: MAP CHECKDEP NOCLEARLOG
[2016.09.09-18.58.47:761][183]MapCheck: Info Map check complete: 0 Error(s), 0 Warning(s), took 230.039ms to complete.
[2016.09.09-18.58.47:761][183]LogFileHelpers: Loading map 'LevelEditing' took 73.304
[2016.09.09-18.59.16:834][998]LogPlayLevel: PlayLevel: No blueprints needed recompiling
[2016.09.09-18.59.16:857][998]PIE: New page: PIE session: LevelEditing (Sep 9, 2016, 11:59:16 PM)
[2016.09.09-18.59.16:858][998]LogPlayLevel: Creating play world package: /Game/LevelEditingTutorial/Maps/UEDPIE_0_LevelEditing
[2016.09.09-18.59.16:903][998]LogPlayLevel: PIE: StaticDuplicateObject took: (0.045365s)
[2016.09.09-18.59.16:906][998]LogAIModule: Creating AISystem for world LevelEditing
[2016.09.09-18.59.16:907][998]LogPlayLevel: PIE: World Init took: (0.003243s)
[2016.09.09-18.59.16:907][998]LogPlayLevel: PIE: Created PIE world by copying editor world from /Game/LevelEditingTutorial/Maps/LevelEditing.LevelEditing to /Game/LevelEditingTutorial/Maps/UEDPIE_0_LevelEditing.LevelEditing (0.049470s)
[2016.09.09-18.59.16:986][998]LogInit: XAudio2 using 'PL2390 (High Definition Audio Device)' : 2 channels at 44.1 kHz using 16 bits per sample (channel mask 0x3)
[2016.09.09-18.59.17:002][998]LogInit: FAudioDevice initialized.
[2016.09.09-18.59.17:223][998]LogWorld: Game class is 'FirstPersonGameMode_C'
[2016.09.09-18.59.17:234][998]LogWorld: Bringing World /Game/LevelEditingTutorial/Maps/UEDPIE_0_LevelEditing.LevelEditing up for play (max tick rate 60) at 2016.09.09-21.59.17
[2016.09.09-18.59.17:235][998]LogWorld: Bringing up level for play took: 0.009499
[2016.09.09-18.59.17:291][998]LogContentBrowser: Native class hierarchy updated for 'MovieSceneCapture' in 0.0016 seconds. Added 11 classes and 0 folders.
[2016.09.09-18.59.17:394][998]PIE: Info Play in editor start time for /Game/LevelEditingTutorial/Maps/UEDPIE_0_LevelEditing 1.189
[2016.09.09-18.59.28:998][366]LogPlayLevel: PlayLevel: No blueprints needed recompiling
[2016.09.09-18.59.28:998][366]PIE: New page: PIE session: LevelEditing (Sep 9, 2016, 11:59:28 PM)
[2016.09.09-18.59.28:998][366]LogPlayLevel: Creating play world package: /Game/LevelEditingTutorial/Maps/UEDPIE_0_LevelEditing
[2016.09.09-18.59.29:023][366]LogPlayLevel: PIE: StaticDuplicateObject took: (0.024818s)
[2016.09.09-18.59.29:025][366]LogAIModule: Creating AISystem for world LevelEditing
[2016.09.09-18.59.29:026][366]LogPlayLevel: PIE: World Init took: (0.002188s)
[2016.09.09-18.59.29:026][366]LogPlayLevel: PIE: Created PIE world by copying editor world from /Game/LevelEditingTutorial/Maps/LevelEditing.LevelEditing to /Game/LevelEditingTutorial/Maps/UEDPIE_0_LevelEditing.LevelEditing (0.027713s)
[2016.09.09-18.59.29:105][366]LogInit: XAudio2 using 'PL2390 (High Definition Audio Device)' : 2 channels at 44.1 kHz using 16 bits per sample (channel mask 0x3)
[2016.09.09-18.59.29:122][366]LogInit: FAudioDevice initialized.
[2016.09.09-18.59.29:260][366]LogWorld: Game class is 'FirstPersonGameMode_C'
[2016.09.09-18.59.29:270][366]LogWorld: Bringing World /Game/LevelEditingTutorial/Maps/UEDPIE_0_LevelEditing.LevelEditing up for play (max tick rate 60) at 2016.09.09-21.59.29
[2016.09.09-18.59.29:272][366]LogWorld: Bringing up level for play took: 0.010912
[2016.09.09-18.59.29:310][366]PIE: Info Play in editor start time for /Game/LevelEditingTutorial/Maps/UEDPIE_0_LevelEditing 1.105
[2016.09.09-18.59.54:238][ 26]MapCheck: New page: Map Check
[2016.09.09-18.59.54:355][ 26]Cmd: MAP REBUILD ALLVISIBLE
[2016.09.09-18.59.54:356][ 26]LogEditorServer: Rebuildmap Clear paths rebuilt
[2016.09.09-18.59.54:631][ 26]LightingResults: New page: Lighting Build - Sep 9, 2016, 11:59:54 PM
[2016.09.09-18.59.55:370][ 26]LogSwarmInterface: [OpenConnection] Registering TCP channel ...
[2016.09.09-18.59.55:783][ 26]LogSwarmInterface: [OpenConnection] Connecting to agent ...
[2016.09.09-18.59.55:930][ 26]LogSwarmInterface: [TryOpenConnection] Testing the Agent
[2016.09.09-18.59.58:325][ 26]LogSwarmInterface:Error: [TryOpenConnection] Waiting for the agent to start up ...
[2016.09.09-18.59.58:349][ 26]LogSwarmInterface:Error: System.Net.Sockets.SocketException (0x80004005): No connection could be made because the target machine actively refused it 127.0.0.1:8008

Server stack trace: 
   at System.Net.Sockets.Socket.DoConnect(EndPoint endPointSnapshot, SocketAddress socketAddress)
   at System.Net.Sockets.Socket.Connect(EndPoint remoteEP)
   at System.Runtime.Remoting.Channels.RemoteConnection.CreateNewSocket(EndPoint ipEndPoint)
   at System.Runtime.Remoting.Channels.SocketCache.GetSocket(String machinePortAndSid, Boolean openNew)
   at System.Runtime.Remoting.Channels.Tcp.TcpClientTransportSink.SendRequestWithRetry(IMessage msg, ITransportHeaders requestHeaders, Stream requestStream)
   at System.Runtime.Remoting.Channels.Tcp.TcpClientTransportSink.AsyncProcessRequest(IClientChannelSinkStack sinkStack, IMessage msg, ITransportHeaders headers, Stream stream)
   at System.Runtime.Remoting.Channels.BinaryClientFormatterSink.AsyncProcessMessage(IMessage msg, IMessageSink replySink)

Exception rethrown at [0]: 
   at System.Runtime.Remoting.Proxies.RealProxy.HandleReturnMessage(IMessage reqMsg, IMessage retMsg)
   at System.Runtime.Remoting.Proxies.RealProxy.PrivateInvoke(MessageData& msgData, Int32 type)
   at NSwarm.IAgentInterfaceWrapper.MethodDelegate.EndInvoke(Hashtable& OutParameters, IAsyncResult result)
   at NSwarm.FSwarmInterface.TryOpenConnection(FConnectionCallback CallbackFunc, IntPtr CallbackData, ELogFlags LoggingFlags)
[2016.09.09-19.00.04:178][ 26]LogSwarmInterface: [TryOpenConnection] Opening Connection to Agent
[2016.09.09-19.00.04:179][ 26]LogSwarmInterface: [TryOpenConnection] Local Process ID is 7796
[2016.09.09-19.00.06:608][ 26]LogStaticLightingSystem:Warning: No importance volume found, so the scene bounding box was used.  You can optimize your scene's quality and lighting build times by adding importance volumes.
[2016.09.09-19.00.06:629][ 26]LogStaticLightingSystem: Running Lightmass w/ ImmediateImport mode ENABLED
[2016.09.09-19.00.06:629][ 26]LogStaticLightingSystem: Running Lightmass w/ ImmediateProcess mode ENABLED
[2016.09.09-19.00.06:629][ 26]LogStaticLightingSystem: Running Lightmass w/ Sorting mode ENABLED
[2016.09.09-19.00.06:629][ 26]LogStaticLightingSystem: Running Lightmass w/ Mapping paddings ENABLED
[2016.09.09-19.00.06:629][ 26]LogStaticLightingSystem: Running Lightmass w/ Mapping debug paddings DISABLED
[2016.09.09-19.00.07:784][ 26]Cmd: MAP CHECK DONTDISPLAYDIALOG
[2016.09.09-19.00.07:784][ 26]MapCheck: New page: LevelEditing - Sep 10, 2016, 12:00:07 AM
[2016.09.09-19.00.07:815][ 26]MapCheck:Error: Error WorldSettings_1 Maps need lighting rebuilt 
[2016.09.09-19.00.07:993][ 26]MapCheck: Info Map check complete: 1 Error(s), 0 Warning(s), took 208.078ms to complete.
[2016.09.09-19.00.08:017][ 26]LogEditorBuildUtils: Build time 0:13
[2016.09.09-19.00.08:626][ 27]LogMaterial: Missing cached shader map for material FLightmassMaterialRenderer M_Rock_Marble_Polished, compiling. 
[2016.09.09-19.00.08:898][ 27]LogMaterial: Missing cached shader map for material FLightmassMaterialRenderer M_Rock_Marble_Polished, compiling. 
[2016.09.09-19.00.08:993][ 28]LogMaterial: Missing cached shader map for material FLightmassMaterialRenderer M_Wood_Floor_Walnut_Polished, compiling. 
[2016.09.09-19.00.09:023][ 28]LogMaterial: Missing cached shader map for material FLightmassMaterialRenderer M_Wood_Floor_Walnut_Polished, compiling. 
[2016.09.09-19.00.09:328][ 31]LogMaterial: Missing cached shader map for material FLightmassMaterialRenderer M_Basic_Floor, compiling. 
[2016.09.09-19.00.09:409][ 31]LogMaterial: Missing cached shader map for material FLightmassMaterialRenderer M_Basic_Floor, compiling. 
[2016.09.09-19.00.45:438][568]Job is a success!
[2016.09.09-19.00.47:034][569]LogTexture:Display: Building textures: HQ_Lightmap1_1 (AutoDXT)
[2016.09.09-19.00.47:034][569]LogTexture:Display: Building textures: LQ_Lightmap_1_1 (DXT1)
[2016.09.09-19.00.47:034][569]LogTexture:Display: Building textures: HQ_Lightmap0_2 (AutoDXT)
[2016.09.09-19.00.47:034][569]LogTexture:Display: Building textures: LQ_Lightmap_0_2 (DXT1)
[2016.09.09-19.00.47:034][569]LogTexture:Display: Building textures: HQ_Lightmap1_3 (AutoDXT)
[2016.09.09-19.00.47:034][569]LogTexture:Display: Building textures: LQ_Lightmap_1_3 (DXT1)
[2016.09.09-19.00.47:311][569]LogTexture:Display: Building textures: ShadowMapTexture2D_0 (BGRA8)
[2016.09.09-19.00.47:311][569]LogTexture:Display: Building textures: ShadowMapTexture2D_1 (BGRA8)
[2016.09.09-19.00.47:311][569]LogTexture:Display: Building textures: ShadowMapTexture2D_2 (G8)
[2016.09.09-19.00.47:816][569]Lightmass on ARCHI-PC: 20.8 sec total, 1.47 sec importing, 339 ms setup, 1.66 sec photons, 17.1 sec processing, 0 ms extra exporting [36/36 mappings]. Threads: 1:08 min total, 40.2 sec processing.
[2016.09.09-19.00.47:954][569]LogStaticLightingSystem: Illumination: 53.2 sec (1.16 sec encoding lightmaps, 270 ms encoding shadowmaps)
[2016.09.09-19.00.47:954][569]LogStaticLightingSystem: Lightmap texture memory:  0.6 MB (0.5 MB streaming, 0.1 MB non-streaming), 6 textures
[2016.09.09-19.00.47:954][569]LogStaticLightingSystem: Shadowmap texture memory: 0.8 MB (0.7 MB streaming, 0.2 MB non-streaming), 3 textures
[2016.09.09-19.00.48:658][570]Cmd: MAP CHECK NOTIFYRESULTS
[2016.09.09-19.00.48:659][570]MapCheck: New page: LevelEditing - Sep 10, 2016, 12:00:48 AM
[2016.09.09-19.00.48:849][570]MapCheck: Info Map check complete: 0 Error(s), 0 Warning(s), took 190.116ms to complete.
[2016.09.09-19.01.06:442][110]LogPlayLevel: PlayLevel: No blueprints needed recompiling
[2016.09.09-19.01.06:443][110]PIE: New page: PIE session: LevelEditing (Sep 10, 2016, 12:01:06 AM)
[2016.09.09-19.01.06:443][110]LogPlayLevel: Creating play world package: /Game/LevelEditingTutorial/Maps/UEDPIE_0_LevelEditing
[2016.09.09-19.01.06:467][110]LogPlayLevel: PIE: StaticDuplicateObject took: (0.023466s)
[2016.09.09-19.01.06:469][110]LogAIModule: Creating AISystem for world LevelEditing
[2016.09.09-19.01.06:469][110]LogPlayLevel: PIE: World Init took: (0.002317s)
[2016.09.09-19.01.06:470][110]LogPlayLevel: PIE: Created PIE world by copying editor world from /Game/LevelEditingTutorial/Maps/LevelEditing.LevelEditing to /Game/LevelEditingTutorial/Maps/UEDPIE_0_LevelEditing.LevelEditing (0.026554s)
[2016.09.09-19.01.06:553][110]LogInit: XAudio2 using 'PL2390 (High Definition Audio Device)' : 2 channels at 44.1 kHz using 16 bits per sample (channel mask 0x3)
[2016.09.09-19.01.06:568][110]LogInit: FAudioDevice initialized.
[2016.09.09-19.01.06:693][110]LogWorld: Game class is 'FirstPersonGameMode_C'
[2016.09.09-19.01.06:702][110]LogWorld: Bringing World /Game/LevelEditingTutorial/Maps/UEDPIE_0_LevelEditing.LevelEditing up for play (max tick rate 60) at 2016.09.09-22.01.06
[2016.09.09-19.01.06:704][110]LogWorld: Bringing up level for play took: 0.009015
[2016.09.09-19.01.06:714][110]PIE: Info Play in editor start time for /Game/LevelEditingTutorial/Maps/UEDPIE_0_LevelEditing 0.509
[2016.09.09-19.01.18:926][511]LogEditorViewport: Clicking on Actor (LMB): PointLight (PointLight)
[2016.09.09-19.01.35:858][ 57]Cmd: SELECT NONE
[2016.09.09-19.02.27:750][ 58]LogActorFactory: Actor Factory created Pillar_50x500
[2016.09.09-19.02.29:690][134]LogActorFactory: Actor Factory created Pillar_50x500
[2016.09.09-19.04.39:719][337]LogRenderer: Reallocating scene render targets to support 1212x924 (Frame:8674).
[2016.09.09-19.06.25:886][357]LogRenderer: Reallocating scene render targets to support 1248x924 (Frame:12372).
[2016.09.09-19.06.25:984][358]LogRenderer: Reallocating scene render targets to support 1288x924 (Frame:12374).
[2016.09.09-19.06.26:097][359]LogRenderer: Reallocating scene render targets to support 1300x924 (Frame:12376).
[2016.09.09-19.07.59:260][864]Cmd: CLOSE_SLATE_MAINFRAME
[2016.09.09-19.08.05:030][864]LogSavePackage: Save=582.73ms
[2016.09.09-19.08.05:030][864]LogSavePackage: Moving '../../../../../../Users/Artem/Documents/Unreal Projects/LevelEditingTutorial/Saved/LevelEditing7B8B85134D6AB2C0CB47FCA22CC3627C.tmp' to '../../../../../../Users/Artem/Documents/Unreal Projects/LevelEditingTutorial/Content/LevelEditingTutorial/Maps/LevelEditing.umap'
[2016.09.09-19.08.05:048][864]LogSavePackage:Display: Finished SavePackage ../../../../../../Users/Artem/Documents/Unreal Projects/LevelEditingTutorial/Content/LevelEditingTutorial/Maps/LevelEditing.umap
[2016.09.09-19.08.05:145][864]LogFileHelpers: Saving map 'LevelEditing' took 0.997
[2016.09.09-19.08.05:199][864]LogWindowsTextInputMethodSystem:Display: IME system now deactivated.
[2016.09.09-19.08.05:884][865]Cmd: QUIT_EDITOR
[2016.09.09-19.08.06:238][865]LogExit: Preparing to exit.
[2016.09.09-19.08.07:044][865]LogExit: Editor shut down
[2016.09.09-19.08.07:046][865]LogExit: Transaction tracking system shut down
[2016.09.09-19.08.07:531][865]LogObj: Freed 0b from 0 cluster array pools.
[2016.09.09-19.08.07:531][865]LogExit: Object subsystem successfully closed.
[2016.09.09-19.08.07:568][865]LogD3D11RHI: Shutdown
[2016.09.09-19.08.07:568][865]LogD3D11RHI: CleanupD3DDevice
[2016.09.09-19.08.07:954][865]LogD3D11RHI: ~FD3D11DynamicRHI
[2016.09.09-19.08.08:057][865]LogModuleManager: Shutting down and abandoning module HierarchicalLODUtilities (215)
[2016.09.09-19.08.08:085][865]LogModuleManager: Shutting down and abandoning module MovieSceneCapture (214)
[2016.09.09-19.08.08:096][865]LogModuleManager: Shutting down and abandoning module HierarchicalLODOutliner (213)
[2016.09.09-19.08.08:096][865]LogModuleManager: Shutting down and abandoning module CrashTracker (212)
[2016.09.09-19.08.08:096][865]LogModuleManager: Shutting down and abandoning module SceneOutliner (211)
[2016.09.09-19.08.08:096][865]LogModuleManager: Shutting down and abandoning module WidgetCarousel (210)
[2016.09.09-19.08.08:111][865]LogModuleManager: Shutting down and abandoning module AddContentDialog (209)
[2016.09.09-19.08.08:128][865]LogModuleManager: Shutting down and abandoning module GameplayTags (208)
[2016.09.09-19.08.08:128][865]LogModuleManager: Shutting down and abandoning module EditorWidgets (207)
[2016.09.09-19.08.08:128][865]LogModuleManager: Shutting down and abandoning module CollectionManager (206)
[2016.09.09-19.08.08:129][865]LogModuleManager: Shutting down and abandoning module StatsViewer (205)
[2016.09.09-19.08.08:129][865]LogModuleManager: Shutting down and abandoning module FoliageEdit (204)
[2016.09.09-19.08.08:130][865]LogModuleManager: Shutting down and abandoning module LandscapeEditor (203)
[2016.09.09-19.08.08:130][865]LogModuleManager: Shutting down and abandoning module SceneDepthPickerMode (202)
[2016.09.09-19.08.08:130][865]LogModuleManager: Shutting down and abandoning module ActorPickerMode (201)
[2016.09.09-19.08.08:130][865]LogModuleManager: Shutting down and abandoning module GeometryMode (200)
[2016.09.09-19.08.08:131][865]LogModuleManager: Shutting down and abandoning module TextureAlignMode (199)
[2016.09.09-19.08.08:131][865]LogModuleManager: Shutting down and abandoning module BspMode (198)
[2016.09.09-19.08.08:131][865]LogModuleManager: Shutting down and abandoning module HardwareSurvey (197)
[2016.09.09-19.08.08:131][865]LogModuleManager: Shutting down and abandoning module SequenceRecorderSections (196)
[2016.09.09-19.08.08:131][865]LogModuleManager: Shutting down and abandoning module SequenceRecorder (195)
[2016.09.09-19.08.08:131][865]LogModuleManager: Shutting down and abandoning module AutomationWorker (194)
[2016.09.09-19.08.08:131][865]LogModuleManager: Shutting down and abandoning module MatineeToLevelSequence (193)
[2016.09.09-19.08.08:131][865]LogModuleManager: Shutting down and abandoning module PlacementMode (192)
[2016.09.09-19.08.08:132][865]LogModuleManager: Shutting down and abandoning module LevelSequenceEditor (191)
[2016.09.09-19.08.08:132][865]LogModuleManager: Shutting down and abandoning module CharacterAI (190)
[2016.09.09-19.08.08:132][865]LogModuleManager: Shutting down and abandoning module SmartSnapping (189)
[2016.09.09-19.08.08:134][865]LogModuleManager: Shutting down and abandoning module SessionServices (188)
[2016.09.09-19.08.08:134][865]LogModuleManager: Shutting down and abandoning module ViewportSnapping (187)
[2016.09.09-19.08.08:134][865]LogModuleManager: Shutting down and abandoning module LogVisualizer (186)
[2016.09.09-19.08.08:134][865]LogModuleManager: Shutting down and abandoning module GameProjectGeneration (185)
[2016.09.09-19.08.08:134][865]LogModuleManager: Shutting down and abandoning module IntroTutorials (184)
[2016.09.09-19.08.08:135][865]LogModuleManager: Shutting down and abandoning module EditorLiveStreaming (183)
[2016.09.09-19.08.08:135][865]LogModuleManager: Shutting down and abandoning module IOSPlatformEditor (182)
[2016.09.09-19.08.08:135][865]LogModuleManager: Shutting down and abandoning module HTML5PlatformEditor (181)
[2016.09.09-19.08.08:135][865]LogModuleManager: Shutting down and abandoning module AndroidDeviceDetection (180)
[2016.09.09-19.08.08:973][865]LogModuleManager: Shutting down and abandoning module AndroidPlatformEditor (179)
[2016.09.09-19.08.08:973][865]LogModuleManager: Shutting down and abandoning module IOSRuntimeSettings (178)
[2016.09.09-19.08.08:973][865]LogModuleManager: Shutting down and abandoning module AndroidRuntimeSettings (177)
[2016.09.09-19.08.08:974][865]LogModuleManager: Shutting down and abandoning module MergeActors (176)
[2016.09.09-19.08.08:974][865]LogModuleManager: Shutting down and abandoning module SizeMap (175)
[2016.09.09-19.08.08:974][865]LogModuleManager: Shutting down and abandoning module TreeMap (174)
[2016.09.09-19.08.08:974][865]LogModuleManager: Shutting down and abandoning module ReferenceViewer (173)
[2016.09.09-19.08.08:974][865]LogModuleManager: Shutting down and abandoning module LocalizationService (172)
[2016.09.09-19.08.08:974][865]LogModuleManager: Shutting down and abandoning module LocalizationDashboard (171)
[2016.09.09-19.08.08:974][865]LogModuleManager: Shutting down and abandoning module HardwareTargeting (170)
[2016.09.09-19.08.08:974][865]LogModuleManager: Shutting down and abandoning module DeviceProfileEditor (169)
[2016.09.09-19.08.08:974][865]LogModuleManager: Shutting down and abandoning module UndoHistory (168)
[2016.09.09-19.08.08:974][865]LogModuleManager: Shutting down and abandoning module UserFeedback (167)
[2016.09.09-19.08.08:975][865]LogModuleManager: Shutting down and abandoning module XmlParser (166)
[2016.09.09-19.08.08:975][865]LogModuleManager: Shutting down and abandoning module Blutility (165)
[2016.09.09-19.08.08:975][865]LogModuleManager: Shutting down and abandoning module ProjectTargetPlatformEditor (164)
[2016.09.09-19.08.08:975][865]LogModuleManager: Shutting down and abandoning module ProjectSettingsViewer (163)
[2016.09.09-19.08.08:976][865]LogModuleManager: Shutting down and abandoning module InputBindingEditor (162)
[2016.09.09-19.08.08:976][865]LogModuleManager: Shutting down and abandoning module EditorSettingsViewer (161)
[2016.09.09-19.08.08:976][865]LogModuleManager: Shutting down and abandoning module SettingsEditor (160)
[2016.09.09-19.08.08:976][865]LogModuleManager: Shutting down and abandoning module ProjectLauncher (159)
[2016.09.09-19.08.08:977][865]LogModuleManager: Shutting down and abandoning module SessionFrontend (158)
[2016.09.09-19.08.08:977][865]LogModuleManager: Shutting down and abandoning module ProfilerClient (157)
[2016.09.09-19.08.08:977][865]LogModuleManager: Shutting down and abandoning module TargetDeviceServices (156)
[2016.09.09-19.08.08:977][865]LogModuleManager: Shutting down and abandoning module DeviceManager (155)
[2016.09.09-19.08.09:033][865]LogModuleManager: Shutting down and abandoning module AutomationController (154)
[2016.09.09-19.08.09:033][865]LogModuleManager: Shutting down and abandoning module AutomationWindow (153)
[2016.09.09-19.08.09:033][865]LogModuleManager: Shutting down and abandoning module Layers (152)
[2016.09.09-19.08.09:033][865]LogModuleManager: Shutting down and abandoning module ComponentVisualizers (151)
[2016.09.09-19.08.09:033][865]LogModuleManager: Shutting down and abandoning module DetailCustomizations (150)
[2016.09.09-19.08.09:033][865]LogModuleManager: Shutting down and abandoning module PackagesDialog (149)
[2016.09.09-19.08.09:034][865]LogModuleManager: Shutting down and abandoning module Persona (148)
[2016.09.09-19.08.09:034][865]LogModuleManager: Shutting down and abandoning module Kismet (147)
[2016.09.09-19.08.09:034][865]LogModuleManager: Shutting down and abandoning module GraphEditor (146)
[2016.09.09-19.08.09:035][865]LogModuleManager: Shutting down and abandoning module ClassViewer (145)
[2016.09.09-19.08.09:035][865]LogModuleManager: Shutting down and abandoning module Toolbox (144)
[2016.09.09-19.08.09:035][865]LogModuleManager: Shutting down and abandoning module ModuleUI (143)
[2016.09.09-19.08.09:035][865]LogModuleManager: Shutting down and abandoning module MovieSceneTools (142)
[2016.09.09-19.08.09:035][865]LogModuleManager: Shutting down and abandoning module OutputLog (141)
[2016.09.09-19.08.09:035][865]LogModuleManager: Shutting down and abandoning module GammaUI (140)
[2016.09.09-19.08.09:035][865]LogModuleManager: Shutting down and abandoning module Documentation (139)
[2016.09.09-19.08.09:035][865]LogModuleManager: Shutting down and abandoning module StreamingPauseRendering (138)
[2016.09.09-19.08.09:035][865]LogModuleManager: Shutting down and abandoning module AnalyticsET (137)
[2016.09.09-19.08.09:035][865]LogModuleManager: Shutting down and abandoning module Analytics (136)
[2016.09.09-19.08.09:035][865]LogModuleManager: Shutting down and abandoning module PortalServices (135)
[2016.09.09-19.08.09:035][865]LogModuleManager: Shutting down and abandoning module PortalRpc (134)
[2016.09.09-19.08.09:035][865]LogModuleManager: Shutting down and abandoning module MessagingRpc (133)
[2016.09.09-19.08.09:035][865]LogModuleManager: Shutting down and abandoning module GameplayDebugger (132)
[2016.09.09-19.08.09:035][865]LogModuleManager: Shutting down and abandoning module AITestSuite (131)
[2016.09.09-19.08.09:035][865]LogModuleManager: Shutting down and abandoning module AIModule (130)
[2016.09.09-19.08.09:036][865]LogModuleManager: Shutting down and abandoning module ProfilerService (129)
[2016.09.09-19.08.09:121][865]LogModuleManager: Shutting down and abandoning module TaskGraph (128)
[2016.09.09-19.08.09:121][865]LogModuleManager: Shutting down and abandoning module SlateRemote (127)
[2016.09.09-19.08.09:122][865]LogModuleManager: Shutting down and abandoning module SteamVRController (126)
[2016.09.09-19.08.09:122][865]LogModuleManager: Shutting down and abandoning module SteamVR (125)
[2016.09.09-19.08.09:122][865]LogModuleManager: Shutting down and abandoning module ProceduralMeshComponent (124)
[2016.09.09-19.08.09:122][865]LogModuleManager: Shutting down and abandoning module OculusLibrary (123)
[2016.09.09-19.08.09:122][865]LogModuleManager: Shutting down and abandoning module OculusInput (122)
[2016.09.09-19.08.09:122][865]LogModuleManager: Shutting down and abandoning module CustomMeshComponent (121)
[2016.09.09-19.08.09:122][865]LogModuleManager: Shutting down and abandoning module CableComponent (120)
[2016.09.09-19.08.09:122][865]LogModuleManager: Shutting down and abandoning module ArchVisCharacter (119)
[2016.09.09-19.08.09:122][865]LogModuleManager: Shutting down and abandoning module MediaPlayerEditor (118)
[2016.09.09-19.08.09:122][865]LogModuleManager: Shutting down and abandoning module HTML5Networking (117)
[2016.09.09-19.08.09:122][865]LogModuleManager: Shutting down and abandoning module SuperSearch (116)
[2016.09.09-19.08.09:122][865]LogModuleManager: Shutting down and abandoning module SuperSearchEditor (115)
[2016.09.09-19.08.09:122][865]LogModuleManager: Shutting down and abandoning module SpeedTreeImporter (114)
[2016.09.09-19.08.09:122][865]LogModuleManager: Shutting down and abandoning module PluginBrowser (113)
[2016.09.09-19.08.09:123][865]LogModuleManager: Shutting down and abandoning module EpicSurvey (112)
[2016.09.09-19.08.09:123][865]LogModuleManager: Shutting down and abandoning module DesktopPlatform (111)
[2016.09.09-19.08.09:123][865]LogModuleManager: Shutting down and abandoning module VisualStudioSourceCodeAccess (110)
[2016.09.09-19.08.09:123][865]LogModuleManager: Shutting down and abandoning module UObjectPlugin (109)
[2016.09.09-19.08.09:123][865]LogModuleManager: Shutting down and abandoning module SubversionSourceControl (108)
[2016.09.09-19.08.09:123][865]LogModuleManager: Shutting down and abandoning module PerforceSourceControl (107)
[2016.09.09-19.08.09:123][865]LogModuleManager: Shutting down and abandoning module SourceControl (106)
[2016.09.09-19.08.09:123][865]LogModuleManager: Shutting down and abandoning module GitSourceControl (105)
[2016.09.09-19.08.09:124][865]LogModuleManager: Shutting down and abandoning module LightPropagationVolumeEditor (104)
[2016.09.09-19.08.09:124][865]LogModuleManager: Shutting down and abandoning module PaperTiledImporter (103)
[2016.09.09-19.08.09:124][865]LogModuleManager: Shutting down and abandoning module PaperSpriteSheetImporter (102)
[2016.09.09-19.08.09:124][865]LogModuleManager: Shutting down and abandoning module MeshPaint (101)
[2016.09.09-19.08.09:124][865]LogModuleManager: Shutting down and abandoning module PixelInspectorModule (100)
[2016.09.09-19.08.09:124][865]LogModuleManager: Shutting down and abandoning module HotReload (99)
[2016.09.09-19.08.09:125][865]LogModuleManager: Shutting down and abandoning module MainFrame (98)
[2016.09.09-19.08.09:126][865]LogModuleManager: Shutting down and abandoning module LevelEditor (97)
[2016.09.09-19.08.09:128][865]LogModuleManager: Shutting down and abandoning module ContentBrowser (96)
[2016.09.09-19.08.09:132][865]LogModuleManager: Shutting down and abandoning module Paper2DEditor (95)
[2016.09.09-19.08.09:132][865]LogModuleManager: Shutting down and abandoning module UdpMessaging (94)
[2016.09.09-19.08.09:234][865]LogModuleManager: Shutting down and abandoning module LightPropagationVolumeRuntime (93)
[2016.09.09-19.08.09:234][865]LogModuleManager: Shutting down and abandoning module Paper2D (92)
[2016.09.09-19.08.09:234][865]LogModuleManager: Shutting down and abandoning module WindowsMoviePlayer (91)
[2016.09.09-19.08.09:234][865]LogModuleManager: Shutting down and abandoning module Media (90)
[2016.09.09-19.08.09:234][865]LogModuleManager: Shutting down and abandoning module WmfMedia (89)
[2016.09.09-19.08.09:234][865]LogModuleManager: Shutting down and abandoning module MediaAssets (88)
[2016.09.09-19.08.09:234][865]LogModuleManager: Shutting down and abandoning module GameLiveStreaming (87)
[2016.09.09-19.08.09:235][865]LogModuleManager: Shutting down and abandoning module GameplayTagsEditor (86)
[2016.09.09-19.08.09:235][865]LogModuleManager: Shutting down and abandoning module OnlineBlueprintSupport (85)
[2016.09.09-19.08.09:235][865]LogModuleManager: Shutting down and abandoning module VREditor (84)
[2016.09.09-19.08.09:235][865]LogModuleManager: Shutting down and abandoning module GameplayTasksEditor (83)
[2016.09.09-19.08.09:235][865]LogModuleManager: Shutting down and abandoning module PropertyEditor (82)
[2016.09.09-19.08.09:235][865]LogModuleManager: Shutting down and abandoning module BehaviorTreeEditor (81)
[2016.09.09-19.08.09:235][865]LogModuleManager: Shutting down and abandoning module FunctionalTesting (80)
[2016.09.09-19.08.09:236][865]LogModuleManager: Shutting down and abandoning module CollisionAnalyzer (79)
[2016.09.09-19.08.09:236][865]LogModuleManager: Shutting down and abandoning module Sequencer (78)
[2016.09.09-19.08.09:236][865]LogModuleManager: Shutting down and abandoning module WorkspaceMenuStructure (77)
[2016.09.09-19.08.09:236][865]LogModuleManager: Shutting down and abandoning module MessageLog (76)
[2016.09.09-19.08.09:236][865]LogModuleManager: Shutting down and abandoning module AssetTools (75)
[2016.09.09-19.08.09:236][865]LogModuleManager: Shutting down and abandoning module UMGEditor (74)
[2016.09.09-19.08.09:236][865]LogModuleManager: Shutting down and abandoning module UMG (73)
[2016.09.09-19.08.09:237][865]LogModuleManager: Shutting down and abandoning module SlateReflector (72)
[2016.09.09-19.08.09:237][865]LogModuleManager: Shutting down and abandoning module Slate (71)
[2016.09.09-19.08.09:237][865]LogModuleManager: Shutting down and abandoning module EditorStyle (70)
[2016.09.09-19.08.09:249][865]LogModuleManager: Shutting down and abandoning module SourceCodeAccess (69)
[2016.09.09-19.08.09:249][865]LogModuleManager: Shutting down and abandoning module HeadMountedDisplay (68)
[2016.09.09-19.08.09:249][865]LogModuleManager: Shutting down and abandoning module XAudio2 (67)
[2016.09.09-19.08.09:249][865]LogModuleManager: Shutting down and abandoning module Networking (65)
[2016.09.09-19.08.09:249][865]LogModuleManager: Shutting down and abandoning module Core (64)
[2016.09.09-19.08.09:249][865]LogModuleManager: Shutting down and abandoning module DirectoryWatcher (63)
[2016.09.09-19.08.09:252][865]LogModuleManager: Shutting down and abandoning module AssetRegistry (62)
[2016.09.09-19.08.09:475][865]LogModuleManager: Shutting down and abandoning module KismetCompiler (61)
[2016.09.09-19.08.09:475][865]LogModuleManager: Shutting down and abandoning module PhysXFormats (60)
[2016.09.09-19.08.09:475][865]LogModuleManager: Shutting down and abandoning module MeshUtilities (59)
[2016.09.09-19.08.09:475][865]LogModuleManager: Shutting down and abandoning module DerivedDataCache (58)
[2016.09.09-19.08.09:542][865]LogDerivedDataCache: Shutdown
[2016.09.09-19.08.09:542][865]LogModuleManager: Shutting down and abandoning module VulkanShaderFormat (57)
[2016.09.09-19.08.09:542][865]LogModuleManager: Shutting down and abandoning module ShaderFormatOpenGL (56)
[2016.09.09-19.08.09:542][865]LogModuleManager: Shutting down and abandoning module ShaderFormatD3D (55)
[2016.09.09-19.08.09:542][865]LogModuleManager: Shutting down and abandoning module MetalShaderFormat (54)
[2016.09.09-19.08.09:542][865]LogModuleManager: Shutting down and abandoning module TextureFormatUncompressed (53)
[2016.09.09-19.08.09:543][865]LogModuleManager: Shutting down and abandoning module TextureFormatPVR (52)
[2016.09.09-19.08.09:543][865]LogModuleManager: Shutting down and abandoning module TextureFormatIntelISPCTexComp (51)
[2016.09.09-19.08.09:543][865]LogModuleManager: Shutting down and abandoning module TextureFormatDXT (50)
[2016.09.09-19.08.09:543][865]LogModuleManager: Shutting down and abandoning module ImageWrapper (49)
[2016.09.09-19.08.09:543][865]LogModuleManager: Shutting down and abandoning module TextureFormatASTC (48)
[2016.09.09-19.08.09:543][865]LogModuleManager: Shutting down and abandoning module TextureFormatAndroid (47)
[2016.09.09-19.08.09:543][865]LogModuleManager: Shutting down and abandoning module AudioFormatOpus (46)
[2016.09.09-19.08.09:543][865]LogModuleManager: Shutting down and abandoning module AudioFormatOgg (45)
[2016.09.09-19.08.09:543][865]LogModuleManager: Shutting down and abandoning module AudioFormatADPCM (44)
[2016.09.09-19.08.09:544][865]LogModuleManager: Shutting down and abandoning module LinuxTargetPlatform (43)
[2016.09.09-19.08.09:544][865]LogModuleManager: Shutting down and abandoning module LinuxServerTargetPlatform (42)
[2016.09.09-19.08.09:544][865]LogModuleManager: Shutting down and abandoning module LinuxNoEditorTargetPlatform (41)
[2016.09.09-19.08.09:544][865]LogModuleManager: Shutting down and abandoning module TVOSTargetPlatform (40)
[2016.09.09-19.08.09:544][865]LogModuleManager: Shutting down and abandoning module Messaging (39)
[2016.09.09-19.08.09:544][865]LogModuleManager: Shutting down and abandoning module IOSTargetPlatform (38)
[2016.09.09-19.08.09:544][865]LogModuleManager: Shutting down and abandoning module HTML5TargetPlatform (37)
[2016.09.09-19.08.09:545][865]LogModuleManager: Shutting down and abandoning module Android_PVRTCTargetPlatform (36)
[2016.09.09-19.08.09:545][865]LogModuleManager: Shutting down and abandoning module Android_MultiTargetPlatform (35)
[2016.09.09-19.08.09:545][865]LogModuleManager: Shutting down and abandoning module Android_ETC2TargetPlatform (34)
[2016.09.09-19.08.09:545][865]LogModuleManager: Shutting down and abandoning module Android_ETC1TargetPlatform (33)
[2016.09.09-19.08.09:545][865]LogModuleManager: Shutting down and abandoning module Android_DXTTargetPlatform (32)
[2016.09.09-19.08.09:546][865]LogModuleManager: Shutting down and abandoning module Android_ATCTargetPlatform (31)
[2016.09.09-19.08.09:546][865]LogModuleManager: Shutting down and abandoning module Android_ASTCTargetPlatform (30)
[2016.09.09-19.08.09:546][865]LogModuleManager: Shutting down and abandoning module AndroidTargetPlatform (29)
[2016.09.09-19.08.09:546][865]LogModuleManager: Shutting down and abandoning module WindowsTargetPlatform (28)
[2016.09.09-19.08.09:546][865]LogModuleManager: Shutting down and abandoning module WindowsServerTargetPlatform (27)
[2016.09.09-19.08.09:546][865]LogModuleManager: Shutting down and abandoning module WindowsNoEditorTargetPlatform (26)
[2016.09.09-19.08.09:546][865]LogModuleManager: Shutting down and abandoning module WindowsClientTargetPlatform (25)
[2016.09.09-19.08.09:546][865]LogModuleManager: Shutting down and abandoning module AllDesktopTargetPlatform (24)
[2016.09.09-19.08.09:546][865]LogModuleManager: Shutting down and abandoning module TargetPlatform (23)
[2016.09.09-19.08.09:546][865]LogModuleManager: Shutting down and abandoning module InputCore (22)
[2016.09.09-19.08.09:546][865]LogModuleManager: Shutting down and abandoning module Settings (21)
[2016.09.09-19.08.09:546][865]LogModuleManager: Shutting down and abandoning module OnlineSubsystem (19)
[2016.09.09-19.08.09:547][865]LogModuleManager: Shutting down and abandoning module HTTP (18)
[2016.09.09-19.08.14:136][865]LogModuleManager: Shutting down and abandoning module XMPP (17)
[2016.09.09-19.08.14:136][865]LogModuleManager: Shutting down and abandoning module OculusRift (16)
[2016.09.09-19.08.14:136][865]LogModuleManager: Shutting down and abandoning module ExampleDeviceProfileSelector (15)
[2016.09.09-19.08.14:136][865]LogModuleManager: Shutting down and abandoning module TextureCompressor (14)
[2016.09.09-19.08.14:136][865]LogModuleManager: Shutting down and abandoning module ShaderCore (13)
[2016.09.09-19.08.14:136][865]LogModuleManager: Shutting down and abandoning module Landscape (12)
[2016.09.09-19.08.14:136][865]LogModuleManager: Shutting down and abandoning module SlateRHIRenderer (11)
[2016.09.09-19.08.14:139][865]LogModuleManager: Shutting down and abandoning module OpenGLDrv (10)
[2016.09.09-19.08.14:139][865]LogModuleManager: Shutting down and abandoning module D3D11RHI (9)
[2016.09.09-19.08.14:139][865]LogModuleManager: Shutting down and abandoning module AnimGraphRuntime (8)
[2016.09.09-19.08.14:139][865]LogModuleManager: Shutting down and abandoning module Renderer (7)
[2016.09.09-19.08.14:139][865]LogModuleManager: Shutting down and abandoning module Engine (6)
[2016.09.09-19.08.14:139][865]LogModuleManager: Shutting down and abandoning module CoreUObject (5)
[2016.09.09-19.08.14:139][865]LogModuleManager: Shutting down and abandoning module NetworkFile (4)
[2016.09.09-19.08.14:139][865]LogModuleManager: Shutting down and abandoning module StreamingFile (3)
[2016.09.09-19.08.14:140][865]LogModuleManager: Shutting down and abandoning module SandboxFile (2)
[2016.09.09-19.08.14:140][865]LogModuleManager: Shutting down and abandoning module PakFile (1)
[2016.09.09-19.08.14:143][865]LogExit: Exiting.
[2016.09.09-19.08.14:195][865]Log file closed, 09/09/16 22:08:14
