Log file open, 09/09/16 22:08:09
LogInit:Display: Running engine for game: LevelEditingTutorial
LogPlatformFile: Not using cached read wrapper
LogInit:Display: RandInit(-1694401205) SRandInit(-1694401201).
LogTaskGraph: Started task graph with 4 named threads and 5 total threads with 1 sets of task threads.
LogStats: Stats thread started at 0.151418
LogInit: Version: 4.12.5-3039270+++UE4+Release-4.12
LogInit: API Version: 2992821
LogInit: Net Version: 3039270
LogDevObjectVersion: Number of dev versions registered: 13
LogDevObjectVersion:   Dev-Blueprints (B0D832E4-1F89-4F0D-ACCF-7EB736FD4AA2): 3
LogDevObjectVersion:   Dev-Build (E1C64328-A22C-4D53-A36C-8E866417BD8C): 0
LogDevObjectVersion:   Dev-Core (375EC13C-06E4-48FB-B500-84F0262A717E): 1
LogDevObjectVersion:   Dev-Editor (E4B068ED-F494-42E9-A231-DA0B2E46BB41): 2
LogDevObjectVersion:   Dev-Framework (CFFC743F-43B0-4480-9391-14DF171D2073): 6
LogDevObjectVersion:   Dev-Mobile (B02B49B5-BB20-44E9-A304-32B752E40360): 0
LogDevObjectVersion:   Dev-Networking (A4E4105C-59A1-49B5-A7C5-40C4547EDFEE): 0
LogDevObjectVersion:   Dev-Online (39C831C9-5AE6-47DC-9A44-9C173E1C8E7C): 0
LogDevObjectVersion:   Dev-Physics (78F01B33-EBEA-4F98-B9B4-84EACCB95AA2): 0
LogDevObjectVersion:   Dev-Platform (6631380F-2D4D-43E0-8009-CF276956A95A): 0
LogDevObjectVersion:   Dev-Rendering (12F88B9F-8875-4AFC-A67C-D90C383ABD29): 2
LogDevObjectVersion:   Dev-Sequencer (7B5AE74C-D270-4C10-A958-57980B212A5A): 0
LogDevObjectVersion:   Dev-VR (D7296918-1DD6-4BDD-9DE2-64A83CC13884): 0
LogInit: Compiled (64-bit): Jul  6 2016 09:09:46
LogInit: Compiled with Visual C++: 19.00.23026.00
LogInit: Build Configuration: Development
LogInit: Branch Name: ++UE4+Release-4.12
LogInit: Command line: -EpicPortal 
LogInit: Base directory: C:/Program Files (x86)/Epic Games/4.12/Engine/Binaries/Win64/
LogInit: Installed Engine Build: 1
LogInit: Using libcurl 7.41.0
LogInit:  - built for x86_64-pc-win32
LogInit:  - supports SSL with WinSSL
LogInit:  - other features:
LogInit:      CURL_VERSION_SSL
LogInit:      CURL_VERSION_IPV6
LogInit:      CURL_VERSION_ASYNCHDNS
LogInit:      CURL_VERSION_LARGEFILE
LogInit:      CURL_VERSION_IDN
LogInit:  CurlRequestOptions (configurable via config and command line):
LogInit:  - bVerifyPeer = true  - Libcurl will verify peer certificate
LogInit:  - bUseHttpProxy = false  - Libcurl will NOT use HTTP proxy
LogInit:  - bDontReuseConnections = false  - Libcurl will reuse connections
LogInit:  - CertBundlePath = nullptr  - Libcurl will use whatever was configured at build time.
LogInit: Presizing for max 8388607 objects, including 0 objects not considered by GC, pre-allocating 0 bytes for permanent pool.
LogInit: Object subsystem initialized
[2016.09.09-19.08.09:907][  0]LogInit: Selected Device Profile: [Windows]
[2016.09.09-19.08.09:907][  0]LogInit: Applying CVar settings loaded from the selected device profile: [Windows]
[2016.09.09-19.08.10:311][  0]LogInit: Computer: ARCHI-PC
[2016.09.09-19.08.10:311][  0]LogInit: User: Artem
[2016.09.09-19.08.10:311][  0]LogInit: CPU Page size=65536, Cores=2
[2016.09.09-19.08.10:311][  0]LogInit: High frequency timer resolution =2.435781 MHz
[2016.09.09-19.08.10:312][  0]LogMemory: Memory total: Physical=7.8GB (8GB approx)
[2016.09.09-19.08.10:312][  0]LogMemory: Platform Memory Stats for Windows
[2016.09.09-19.08.10:312][  0]LogMemory: Process Physical Memory: 187.87 MB used, 187.87 MB peak
[2016.09.09-19.08.10:312][  0]LogMemory: Process Virtual Memory: 194.63 MB used, 194.63 MB peak
[2016.09.09-19.08.10:312][  0]LogMemory: Physical Memory: 5330.10 MB used, 7948.36 MB total
[2016.09.09-19.08.10:312][  0]LogMemory: Virtual Memory: 534.21 MB used, 134217728.00 MB total
[2016.09.09-19.08.10:388][  0]LogTextLocalizationManager: No specific translations for ('en-US') exist, so ('en') translations will be used.
[2016.09.09-19.08.13:071][  0]LogD3D11RHI: D3D11 adapters:
[2016.09.09-19.08.13:139][  0]LogD3D11RHI:    0. 'NVIDIA GeForce GT 740M     ' (Feature Level 11_0)
[2016.09.09-19.08.13:139][  0]LogD3D11RHI:       1992/0/2048 MB DedicatedVideo/DedicatedSystem/SharedSystem, Outputs:2, VendorId:0x10de
[2016.09.09-19.08.13:161][  0]LogD3D11RHI:    1. 'Intel(R) HD Graphics 4600' (Feature Level 11_0)
[2016.09.09-19.08.13:161][  0]LogD3D11RHI:       128/0/1792 MB DedicatedVideo/DedicatedSystem/SharedSystem, Outputs:0, VendorId:0x8086
[2016.09.09-19.08.13:165][  0]LogD3D11RHI:    2. 'Microsoft Basic Render Driver' (Feature Level 11_0)
[2016.09.09-19.08.13:165][  0]LogD3D11RHI:       0/0/256 MB DedicatedVideo/DedicatedSystem/SharedSystem, Outputs:0, VendorId:0x1414
[2016.09.09-19.08.13:165][  0]LogD3D11RHI: Chosen D3D11 Adapter: 0
[2016.09.09-19.08.13:180][  0]LogD3D11RHI: Creating new Direct3DDevice
[2016.09.09-19.08.13:180][  0]LogD3D11RHI:     GPU DeviceId: 0x1292 (for the marketing name, search the web for "GPU Device Id")
[2016.09.09-19.08.13:180][  0]LogWindows: EnumDisplayDevices:
[2016.09.09-19.08.13:181][  0]LogWindows:    0. 'Intel(R) HD Graphics 4600' (P:0 D:1)
[2016.09.09-19.08.13:181][  0]LogWindows:    1. 'Intel(R) HD Graphics 4600' (P:1 D:1)
[2016.09.09-19.08.13:182][  0]LogWindows:    2. 'Intel(R) HD Graphics 4600' (P:0 D:0)
[2016.09.09-19.08.13:182][  0]LogWindows: DebugString: PrimaryIsNotTheChoosenAdapter PrimaryIsNotTheChoosenAdapter PrimaryIsNotTheChoosenAdapter FoundDriverCount:0 
[2016.09.09-19.08.13:182][  0]LogD3D11RHI:     Adapter Name: NVIDIA GeForce GT 740M     
[2016.09.09-19.08.13:182][  0]LogD3D11RHI:   Driver Version: Unknown (internal:Unknown, unified:Unknown)
[2016.09.09-19.08.13:182][  0]LogD3D11RHI:      Driver Date: Unknown
[2016.09.09-19.08.13:182][  0]LogRHI: Texture pool is 1361 MB (70% of 1945 MB)
[2016.09.09-19.08.13:221][  0]LogD3D11RHI: Async texture creation enabled
[2016.09.09-19.08.13:253][  0]LogD3D11RHI: GPU Timing Frequency: 1000.000000 (Debug: 2 2)
[2016.09.09-19.08.13:254][  0]LogShaderCompilers: Guid format shader working directory is -30 characters bigger than the processId version (../../../../../../Users/Artem/Documents/Unreal Projects/LevelEditingTutorial/Intermediate/Shaders/WorkingDirectory/3388/).
[2016.09.09-19.08.13:254][  0]LogShaderCompilers: Cleaned the shader compiler working directory 'C:/Users/Artem/AppData/Local/Temp/UnrealShaderWorkingDir/70F3B95245DD36ED97B16FAAB457ABCF/'.
[2016.09.09-19.08.13:254][  0]LogShaderCompilers:Display: Using Local Shader Compiler.
[2016.09.09-19.08.19:551][  0]LogTemp:Display: Loaded TP AllDesktopTargetPlatform
[2016.09.09-19.08.19:593][  0]LogTemp:Display: Loaded TP WindowsClientTargetPlatform
[2016.09.09-19.08.19:636][  0]LogTemp:Display: Loaded TP WindowsNoEditorTargetPlatform
[2016.09.09-19.08.19:683][  0]LogTemp:Display: Loaded TP WindowsServerTargetPlatform
[2016.09.09-19.08.19:729][  0]LogTemp:Display: Loaded TP WindowsTargetPlatform
[2016.09.09-19.08.19:772][  0]LogTemp:Display: Loaded TP AndroidTargetPlatform
[2016.09.09-19.08.19:814][  0]LogTemp:Display: Loaded TP Android_ASTCTargetPlatform
[2016.09.09-19.08.19:849][  0]LogTemp:Display: Loaded TP Android_ATCTargetPlatform
[2016.09.09-19.08.19:894][  0]LogTemp:Display: Loaded TP Android_DXTTargetPlatform
[2016.09.09-19.08.19:931][  0]LogTemp:Display: Loaded TP Android_ETC1TargetPlatform
[2016.09.09-19.08.19:971][  0]LogTemp:Display: Loaded TP Android_ETC2TargetPlatform
[2016.09.09-19.08.20:057][  0]LogTemp:Display: Loaded TP Android_MultiTargetPlatform
[2016.09.09-19.08.20:057][  0]LogTemp:Display: Loaded TP Android_PVRTCTargetPlatform
[2016.09.09-19.08.20:061][  0]LogTemp:Display: Loaded TP HTML5TargetPlatform
[2016.09.09-19.08.20:169][  0]LogTemp:Display: Loaded TP IOSTargetPlatform
[2016.09.09-19.08.20:213][  0]LogTemp:Display: Loaded TP TVOSTargetPlatform
[2016.09.09-19.08.20:259][  0]LogTemp:Display: Loaded TP LinuxNoEditorTargetPlatform
[2016.09.09-19.08.20:297][  0]LogTemp:Display: Loaded TP LinuxServerTargetPlatform
[2016.09.09-19.08.20:364][  0]LogTemp:Display: Loaded TP LinuxTargetPlatform
[2016.09.09-19.08.20:364][  0]LogTargetPlatformManager:Display: Building Assets For Windows
[2016.09.09-19.08.20:632][  0]LogDerivedDataCache:Display: Max Cache Size: 512 MB
[2016.09.09-19.08.20:823][  0]LogDerivedDataCache: Loaded boot cache 0.19s 48MB C:/Users/Artem/AppData/Local/UnrealEngine/4.12/DerivedDataCache/Boot.ddc.
[2016.09.09-19.08.20:824][  0]LogDerivedDataCache:Display: Loaded Boot cache: C:/Users/Artem/AppData/Local/UnrealEngine/4.12/DerivedDataCache/Boot.ddc
[2016.09.09-19.08.20:825][  0]LogDerivedDataCache: FDerivedDataBackendGraph:  Pak pak cache file ../../../../../../Users/Artem/Documents/Unreal Projects/LevelEditingTutorial/DerivedDataCache/DDC.ddp not found, will not use a pak cache.
[2016.09.09-19.08.20:825][  0]LogDerivedDataCache: Unable to find inner node Pak for hierarchical cache Hierarchy.
[2016.09.09-19.08.20:825][  0]LogDerivedDataCache: FDerivedDataBackendGraph:  CompressedPak pak cache file ../../../../../../Users/Artem/Documents/Unreal Projects/LevelEditingTutorial/DerivedDataCache/Compressed.ddp not found, will not use a pak cache.
[2016.09.09-19.08.20:825][  0]LogDerivedDataCache: Unable to find inner node CompressedPak for hierarchical cache Hierarchy.
[2016.09.09-19.08.20:908][  0]LogDerivedDataCache:Display: Pak cache opened for reading ../../../Engine/DerivedDataCache/Compressed.ddp.
[2016.09.09-19.08.20:923][  0]LogDerivedDataCache: Using Local data cache path C:/Users/Artem/AppData/Local/UnrealEngine/Common/DerivedDataCache: Writable
[2016.09.09-19.08.21:622][  0]LogInit: Selected Device Profile: [Windows]
[2016.09.09-19.08.21:624][  0]LogContentStreaming: Texture pool size is 0.00 MB
[2016.09.09-19.08.22:213][  0]LogMeshUtilities: No automatic mesh reduction module available
[2016.09.09-19.08.22:213][  0]LogMeshUtilities: No automatic mesh merging module available
[2016.09.09-19.08.22:213][  0]LogMeshUtilities: No distributed automatic mesh merging module available
[2016.09.09-19.08.23:302][  0]LogAssetRegistry: FAssetRegistry took 0.0224 seconds to start up
[2016.09.09-19.08.23:442][  0]LogPackageLocalizationCache: Processed 3 localized package path(s) for 2 prioritized culture(s) in 0.124528 seconds
[2016.09.09-19.08.23:467][  0]LogUObjectArray: 28739 objects as part of root set at end of initial load.
[2016.09.09-19.08.23:467][  0]LogUObjectAllocator: 5855632 out of 0 bytes used by permanent object pool.
[2016.09.09-19.08.23:467][  0]LogUObjectArray: CloseDisregardForGC: 0/0 objects in disregard for GC pool
[2016.09.09-19.08.23:501][  0]LogInit: WinSock: version 1.1 (2.2), MaxSocks=32767, MaxUdp=65467
[2016.09.09-19.08.24:515][  0]LogSlate: SlateFontCache - WITH_FREETYPE: 1, WITH_HARFBUZZ: 1
[2016.09.09-19.08.24:515][  0]LogSlate: SlateFontCache - WITH_FREETYPE: 1, WITH_HARFBUZZ: 1
[2016.09.09-19.08.36:708][  0]LogUdpMessaging: Initializing bridge on interface 0.0.0.0:0 to multicast group 230.0.0.1:6666.
[2016.09.09-19.08.37:588][  0]SourceControl: Info Source control is disabled
[2016.09.09-19.08.37:592][  0]SourceControl: Info Source control is disabled
[2016.09.09-19.08.37:618][  0]SourceControl: Info Source control is disabled
[2016.09.09-19.08.37:650][  0]SourceControl: Info Source control is disabled
[2016.09.09-19.08.38:491][  0]LogEngine: Initializing Engine...
[2016.09.09-19.08.38:493][  0]LogHMD: SteamVR failed to initialize.  Err: 110
[2016.09.09-19.08.38:495][  0]LogHMD: SteamVR failed to initialize.  Err: 110
[2016.09.09-19.08.39:148][  0]LogAIModule: Creating AISystem for world NewWorld
[2016.09.09-19.08.39:165][  0]LogInit: XAudio2 using 'PL2390 (High Definition Audio Device)' : 2 channels at 44.1 kHz using 16 bits per sample (channel mask 0x3)
[2016.09.09-19.08.39:215][  0]LogInit: FAudioDevice initialized.
[2016.09.09-19.08.39:292][  0]LogDerivedDataCache: Saved boot cache 0.08s 48MB C:/Users/Artem/AppData/Local/UnrealEngine/4.12/DerivedDataCache/Boot.ddc.
[2016.09.09-19.08.39:375][  0]LogInit: Texture streaming: Enabled
[2016.09.09-19.08.39:469][  0]LogInit: Transaction tracking system initialized
[2016.09.09-19.08.39:568][  0]BlueprintLog: New page: Editor Load
[2016.09.09-19.08.39:948][  0]LocalizationService: Info Localization service is disabled
[2016.09.09-19.08.40:291][  0]LogConsoleResponse:Display: 
[2016.09.09-19.08.41:926][  0]LogCook:Display: Max memory allowance for cook 8192mb
[2016.09.09-19.08.41:926][  0]LogCook:Display: Mobile HDR setting 1
[2016.09.09-19.08.42:119][  0]LogFileCache: Scanning file cache for directory 'C:/Users/Artem/Documents/Unreal Projects/LevelEditingTutorial/Content/' took 0.03s
[2016.09.09-19.08.42:671][  0]SourceControl: Info Source control is disabled
[2016.09.09-19.08.42:672][  0]Cmd: MAP LOAD FILE="../../../../../../Users/Artem/Documents/Unreal Projects/LevelEditingTutorial/Content/FirstPersonBP/Maps/FirstPersonExampleMap.umap" TEMPLATE=0 SHOWPROGRESS=1 FEATURELEVEL=3
[2016.09.09-19.08.42:674][  0]LightingResults: New page: Lighting Build
[2016.09.09-19.08.42:686][  0]MapCheck: New page: Map Check
[2016.09.09-19.08.42:686][  0]LightingResults: New page: Lighting Build
[2016.09.09-19.08.45:172][  0]LogAIModule: Creating AISystem for world FirstPersonExampleMap
[2016.09.09-19.08.45:693][  0]LogEditorServer: Finished looking for orphan Actors (0.000 secs)
[2016.09.09-19.08.45:695][  0]Cmd: MAP CHECKDEP NOCLEARLOG
[2016.09.09-19.08.45:847][  0]MapCheck: Info Map check complete: 0 Error(s), 0 Warning(s), took 152.376ms to complete.
[2016.09.09-19.08.45:847][  0]LogFileHelpers: Loading map 'FirstPersonExampleMap' took 3.176
[2016.09.09-19.08.46:347][  0]LogCollectionManager: Loaded 0 collections in 0.007171 seconds
[2016.09.09-19.08.46:414][  0]LogFileCache: Scanning file cache for directory 'C:/Users/Artem/Documents/Unreal Projects/LevelEditingTutorial/Saved/Collections/' took 0.01s
[2016.09.09-19.08.46:414][  0]LogFileCache: Scanning file cache for directory 'C:/Users/Artem/Documents/Unreal Projects/LevelEditingTutorial/Content/Developers/Artem/Collections/' took 0.01s
[2016.09.09-19.08.46:414][  0]LogFileCache: Scanning file cache for directory 'C:/Users/Artem/Documents/Unreal Projects/LevelEditingTutorial/Content/Collections/' took 0.01s
[2016.09.09-19.08.46:414][  0]LogCollectionManager: Rebuilt the GUID cache for 0 collections in 0.000009 seconds
[2016.09.09-19.08.46:443][  0]LogContentBrowser: Native class hierarchy populated in 0.0284 seconds. Added 2047 classes and 369 folders.
[2016.09.09-19.08.46:454][  0]LogStats: UGameplayTagsManager::ConstructGameplayTagTree: Construct from data asset -  0.000 s
[2016.09.09-19.08.46:454][  0]LogStats: UGameplayTagsManager::ConstructGameplayTagTree: GameplayTagTreeChangedEvent.Broadcast -  0.000 s
[2016.09.09-19.08.46:456][  0]LogContentBrowser: Native class hierarchy updated for 'GameplayTags' in 0.0016 seconds. Added 12 classes and 0 folders.
[2016.09.09-19.08.46:473][  0]LogContentBrowser: Native class hierarchy updated for 'WidgetCarousel' in 0.0014 seconds. Added 0 classes and 0 folders.
[2016.09.09-19.08.47:428][  0]LogContentBrowser: Native class hierarchy updated for 'AddContentDialog' in 0.0014 seconds. Added 0 classes and 0 folders.
[2016.09.09-19.08.47:442][  0]LogContentBrowser: Native class hierarchy updated for 'SceneOutliner' in 0.0020 seconds. Added 1 classes and 2 folders.
[2016.09.09-19.08.47:517][  0]LogCrashTracker: Crashtracker disabled due to settings.
[2016.09.09-19.08.47:545][  0]LogUObjectGlobals:Warning: Failed to find object 'Class None.'
[2016.09.09-19.08.47:605][  0]LogContentBrowser: Native class hierarchy updated for 'HierarchicalLODOutliner' in 0.0018 seconds. Added 1 classes and 2 folders.
[2016.09.09-19.08.47:606][  0]LogLoad: Full Startup: 41.39 seconds (BP compile: 0.70 seconds)
[2016.09.09-19.08.47:606][  0]LogExternalProfiler: Found external profiler: VSPerf
[2016.09.09-19.08.47:606][  0]LogExternalProfiler: Using external profiler: VSPerf
[2016.09.09-19.08.47:626][  0]LogWindowsTextInputMethodSystem:Display: IME system now deactivated.
[2016.09.09-19.08.47:627][  0]LogOcInput: OculusInput pre-init called
[2016.09.09-19.08.47:652][  0]LogContentStreaming: Texture pool size now 1000 MB
[2016.09.09-19.08.48:401][  0]LogRenderer: Reallocating scene render targets to support 1208x576 (Frame:2).
[2016.09.09-19.08.49:180][  7]LogAssetRegistry: Asset discovery search completed in 25.9001 seconds
[2016.09.09-19.08.49:180][  7]LogCollectionManager: Rebuilt the object cache for 0 collections in 0.000001 seconds (found 0 objects)
[2016.09.09-19.08.49:180][  7]LogCollectionManager: Fixed up redirectors for 0 collections in 0.000077 seconds (updated 0 objects)
[2016.09.09-19.09.01:736][473]Cmd: MAP LOAD FILE="../../../../../../Users/Artem/Documents/Unreal Projects/LevelEditingTutorial/Content/LevelEditingTutorial/Maps/LevelEditing.umap" TEMPLATE=0 SHOWPROGRESS=1 FEATURELEVEL=3
[2016.09.09-19.09.01:804][473]LightingResults: New page: Lighting Build
[2016.09.09-19.09.01:807][473]LoadErrors: New page: Loading map: LevelEditing.umap
[2016.09.09-19.09.01:818][473]MapCheck: New page: Map Check
[2016.09.09-19.09.01:819][473]LightingResults: New page: Lighting Build
[2016.09.09-19.09.02:751][473]LogAIModule: Creating AISystem for world LevelEditing
[2016.09.09-19.09.02:804][473]LogEditorServer: Finished looking for orphan Actors (0.000 secs)
[2016.09.09-19.09.02:945][473]Cmd: MAP CHECKDEP NOCLEARLOG
[2016.09.09-19.09.03:140][473]MapCheck: Info Map check complete: 0 Error(s), 0 Warning(s), took 194.521ms to complete.
[2016.09.09-19.09.03:140][473]LogFileHelpers: Loading map 'LevelEditing' took 1.407
[2016.09.09-19.09.11:761][741]LogRenderer: Reallocating scene render targets to support 1208x584 (Frame:766).
[2016.09.09-19.09.11:842][742]LogRenderer: Reallocating scene render targets to support 1208x644 (Frame:767).
[2016.09.09-19.09.11:956][743]LogRenderer: Reallocating scene render targets to support 1208x652 (Frame:769).
[2016.09.09-19.09.12:070][744]LogRenderer: Reallocating scene render targets to support 1208x668 (Frame:771).
[2016.09.09-19.09.13:862][805]LogRenderer: Reallocating scene render targets to support 1212x668 (Frame:828).
[2016.09.09-19.09.13:955][806]LogRenderer: Reallocating scene render targets to support 1228x668 (Frame:830).
[2016.09.09-19.09.14:097][807]LogRenderer: Reallocating scene render targets to support 1240x668 (Frame:832).
[2016.09.09-19.09.14:219][808]LogRenderer: Reallocating scene render targets to support 1244x668 (Frame:834).
[2016.09.09-19.09.14:341][809]LogRenderer: Reallocating scene render targets to support 1248x668 (Frame:836).
[2016.09.09-19.09.19:237][  2]LogRenderer: Reallocating scene render targets to support 1256x668 (Frame:1000).
[2016.09.09-19.09.19:332][  3]LogRenderer: Reallocating scene render targets to support 1264x668 (Frame:1002).
[2016.09.09-19.09.19:422][  4]LogRenderer: Reallocating scene render targets to support 1272x668 (Frame:1004).
[2016.09.09-19.09.19:518][  5]LogRenderer: Reallocating scene render targets to support 1280x668 (Frame:1006).
[2016.09.09-19.09.33:818][494]LogEditorViewport: Clicking on Actor (LMB): StaticMeshActor (Pillar_50x501)
[2016.09.09-19.09.51:890][864]LogEditorViewport: Clicking on Actor (LMB): DirectionalLight (Light Source)
[2016.09.09-19.10.16:092][571]LogEditorViewport: Clicking on Actor (LMB): PointLight (PointLight)
[2016.09.09-19.10.19:554][646]LogSavePackage: Save=674.26ms
[2016.09.09-19.10.19:554][646]LogSavePackage: Moving '../../../../../../Users/Artem/Documents/Unreal Projects/LevelEditingTutorial/Saved/LevelEditing2CE50F824A5D8C636355A4A579D2844E.tmp' to '../../../../../../Users/Artem/Documents/Unreal Projects/LevelEditingTutorial/Content/LevelEditingTutorial/Maps/LevelEditing.umap'
[2016.09.09-19.10.19:572][646]LogSavePackage:Display: Finished SavePackage ../../../../../../Users/Artem/Documents/Unreal Projects/LevelEditingTutorial/Content/LevelEditingTutorial/Maps/LevelEditing.umap
[2016.09.09-19.10.19:710][646]LogFileHelpers: Saving map 'LevelEditing' took 1.112
[2016.09.09-19.10.21:595][706]MapCheck: New page: Map Check
[2016.09.09-19.10.21:661][706]Cmd: MAP REBUILD ALLVISIBLE
[2016.09.09-19.10.21:661][706]LogEditorServer: Rebuildmap Clear paths rebuilt
[2016.09.09-19.10.21:807][706]LightingResults: New page: Lighting Build - Sep 10, 2016, 12:10:21 AM
[2016.09.09-19.10.21:939][706]LogSwarmInterface: [OpenConnection] Registering TCP channel ...
[2016.09.09-19.10.22:072][706]LogSwarmInterface: [OpenConnection] Connecting to agent ...
[2016.09.09-19.10.22:111][706]LogSwarmInterface: [TryOpenConnection] Testing the Agent
[2016.09.09-19.10.23:171][706]LogSwarmInterface: [TryOpenConnection] Opening Connection to Agent
[2016.09.09-19.10.23:171][706]LogSwarmInterface: [TryOpenConnection] Local Process ID is 3388
[2016.09.09-19.10.25:837][706]LogStaticLightingSystem:Warning: No importance volume found, so the scene bounding box was used.  You can optimize your scene's quality and lighting build times by adding importance volumes.
[2016.09.09-19.10.25:838][706]LogStaticLightingSystem: Running Lightmass w/ ImmediateImport mode ENABLED
[2016.09.09-19.10.25:838][706]LogStaticLightingSystem: Running Lightmass w/ ImmediateProcess mode ENABLED
[2016.09.09-19.10.25:838][706]LogStaticLightingSystem: Running Lightmass w/ Sorting mode ENABLED
[2016.09.09-19.10.25:838][706]LogStaticLightingSystem: Running Lightmass w/ Mapping paddings ENABLED
[2016.09.09-19.10.25:838][706]LogStaticLightingSystem: Running Lightmass w/ Mapping debug paddings DISABLED
[2016.09.09-19.10.26:320][706]Cmd: MAP CHECK DONTDISPLAYDIALOG
[2016.09.09-19.10.26:321][706]MapCheck: New page: LevelEditing - Sep 10, 2016, 12:10:26 AM
[2016.09.09-19.10.26:323][706]MapCheck:Error: Error WorldSettings_1 Maps need lighting rebuilt 
[2016.09.09-19.10.26:513][706]MapCheck: Info Map check complete: 1 Error(s), 0 Warning(s), took 192.17ms to complete.
[2016.09.09-19.10.26:538][706]LogEditorBuildUtils: Build time 0:04
[2016.09.09-19.11.08:866][848]Job is a success!
[2016.09.09-19.11.08:922][849]LogEditorTransaction: Non zero active count in UTransBuffer::Reset
ActiveCount : 1
SessionName : 
Reason      : Applying Lighting

Purging the undo buffer...

[2016.09.09-19.11.10:571][849]LogTexture:Display: Building textures: HQ_Lightmap0_1 (AutoDXT)
[2016.09.09-19.11.10:571][849]LogTexture:Display: Building textures: LQ_Lightmap_0_1 (DXT1)
[2016.09.09-19.11.10:572][849]LogTexture:Display: Building textures: HQ_Lightmap0_2 (AutoDXT)
[2016.09.09-19.11.10:572][849]LogTexture:Display: Building textures: LQ_Lightmap_0_2 (DXT1)
[2016.09.09-19.11.10:572][849]LogTexture:Display: Building textures: HQ_Lightmap0_3 (AutoDXT)
[2016.09.09-19.11.10:572][849]LogTexture:Display: Building textures: LQ_Lightmap_0_3 (DXT1)
[2016.09.09-19.11.10:800][849]LogTexture:Display: Building textures: ShadowMapTexture2D_1 (BGRA8)
[2016.09.09-19.11.10:800][849]LogTexture:Display: Building textures: ShadowMapTexture2D_3 (BGRA8)
[2016.09.09-19.11.10:887][849]LogTexture:Display: Building textures: ShadowMapTexture2D_4 (G8)
[2016.09.09-19.11.11:015][849]Lightmass on ARCHI-PC: 40.3 sec total, 951 ms importing, 162 ms setup, 3.42 sec photons, 35.7 sec processing, 0 ms extra exporting [38/38 mappings]. Threads: 2:22 min total, 1:33 min processing.
[2016.09.09-19.11.11:139][849]LogStaticLightingSystem: Illumination: 49.2 sec (1.31 sec encoding lightmaps, 304 ms encoding shadowmaps)
[2016.09.09-19.11.11:140][849]LogStaticLightingSystem: Lightmap texture memory:  0.6 MB (0.5 MB streaming, 0.1 MB non-streaming), 6 textures
[2016.09.09-19.11.11:140][849]LogStaticLightingSystem: Shadowmap texture memory: 0.8 MB (0.7 MB streaming, 0.2 MB non-streaming), 3 textures
[2016.09.09-19.11.11:903][850]Cmd: MAP CHECK NOTIFYRESULTS
[2016.09.09-19.11.11:903][850]MapCheck: New page: LevelEditing - Sep 10, 2016, 12:11:11 AM
[2016.09.09-19.11.12:133][850]MapCheck: Info Map check complete: 0 Error(s), 0 Warning(s), took 228.547ms to complete.
[2016.09.09-19.11.17:442][ 15]LogTexture:Warning: Failed to stream mip data from the derived data cache for /Game/LevelEditingTutorial/Maps/LevelEditing.HQ_Lightmap1_1. Streaming mips will be recached.
[2016.09.09-19.11.17:450][ 15]LogTexture:Display: Building textures: HQ_Lightmap1_1 (AutoDXT)
[2016.09.09-19.11.21:578][104]Cmd: SELECT NONE
[2016.09.09-19.11.32:464][511]LogEditorViewport: Clicking on Actor (LMB): DirectionalLight (Light Source)
[2016.09.09-19.11.50:734][128]LogSavePackage: Save=785.41ms
[2016.09.09-19.11.50:734][128]LogSavePackage: Moving '../../../../../../Users/Artem/Documents/Unreal Projects/LevelEditingTutorial/Saved/LevelEditing914EDED64B34D8A45BA5A08B3569C87A.tmp' to '../../../../../../Users/Artem/Documents/Unreal Projects/LevelEditingTutorial/Content/LevelEditingTutorial/Maps/LevelEditing.umap'
[2016.09.09-19.11.50:744][128]LogSavePackage:Display: Finished SavePackage ../../../../../../Users/Artem/Documents/Unreal Projects/LevelEditingTutorial/Content/LevelEditingTutorial/Maps/LevelEditing.umap
[2016.09.09-19.11.50:868][128]LogFileHelpers: Saving map 'LevelEditing' took 1.165
[2016.09.09-19.12.06:414][398]LogEditorViewport: Clicking on Actor (LMB): StaticMeshActor (Pillar_50x501)
[2016.09.09-19.14.01:643][704]LogEditorViewport: Clicking on Actor (LMB): StaticMeshActor (Pillar_50x500)
[2016.09.09-19.15.36:183][  1]LogEditorViewport: Clicking on Actor (LMB): StaticMeshActor (Pillar_50x503)
[2016.09.09-19.17.41:831][100]LogEditorViewport: Clicking on Actor (LMB): StaticMeshActor (Pillar_50x503)
[2016.09.09-19.17.42:936][139]LogEditorViewport: Clicking on Actor (LMB): StaticMeshActor (Pillar_50x503)
[2016.09.09-19.17.48:579][335]LogEditorViewport: Clicking on Actor (LMB): StaticMeshActor (Pillar_50x503)
[2016.09.09-19.17.49:851][382]Cmd: SELECT NONE
[2016.09.09-19.17.50:830][422]LogEditorViewport: Clicking on Actor (LMB): StaticMeshActor (Pillar_50x503)
[2016.09.09-19.17.56:206][605]LogEditorViewport: Clicking on Actor (LMB): StaticMeshActor (Pillar_50x503)
[2016.09.09-19.17.56:872][627]LogEditorViewport: Clicking on Actor (LMB): StaticMeshActor (Pillar_50x503)
[2016.09.09-19.17.56:953][627]LogEditorViewport: Clicking on Component (LMB): StaticMeshComponent (StaticMeshComponent0)
[2016.09.09-19.17.59:999][726]LogGeometryMode:Warning: Unable to find BoxBrush11 Brush(s) in new BSP
[2016.09.09-19.17.59:999][726]LogGeometryMode:Warning: Unable to find all previously selected geometry data, resetting selection
[2016.09.09-19.18.00:984][757]LogEditorViewport: Clicking on Actor (LMB): StaticMeshActor (Pillar_50x503)
[2016.09.09-19.18.01:665][775]LogEditorViewport: Clicking on Actor (LMB): StaticMeshActor (Pillar_50x503)
[2016.09.09-19.18.05:318][903]Cmd: SELECT NONE
[2016.09.09-19.20.55:284][702]LogEditorViewport: Clicking on Actor (LMB): StaticMeshActor (Pillar_50x503)
[2016.09.09-19.21.02:483][942]LogWindowsTextInputMethodSystem:Display: IME system now deactivated.
[2016.09.09-19.21.02:483][942]LogWindowsTextInputMethodSystem:Display: IME system now deactivated.
[2016.09.09-19.21.06:176][ 75]LogWindowsTextInputMethodSystem:Display: IME system now deactivated.
[2016.09.09-19.21.06:177][ 75]LogWindowsTextInputMethodSystem:Display: IME system now deactivated.
[2016.09.09-19.21.18:501][497]Cmd: SELECT NONE
[2016.09.09-19.21.24:699][728]LogEditorViewport: Clicking on Actor (LMB): StaticMeshActor (Pillar_50x504)
[2016.09.09-19.21.48:547][571]Cmd: SELECT NONE
[2016.09.09-19.22.01:132][ 63]LogEditorViewport: Clicking on Actor (LMB): StaticMeshActor (Pillar_50x504)
[2016.09.09-19.22.18:729][675]Cmd: SELECT NONE
[2016.09.09-19.22.29:429][ 86]LogEditorViewport: Clicking on Actor (LMB): StaticMeshActor (Pillar_50x503)
[2016.09.09-19.22.44:965][595]Cmd: SELECT NONE
[2016.09.09-19.22.46:578][652]LogEditorViewport: Clicking on Actor (LMB): StaticMeshActor (Pillar_50x503)
[2016.09.09-19.22.50:460][780]LogEditorViewport: Clicking on Actor (LMB): BP_Sky_Sphere_C (Sky Sphere)
[2016.09.09-19.22.50:783][787]Cmd: SELECT NONE
[2016.09.09-19.22.59:994][117]LogEditorViewport: Clicking on Actor (LMB): StaticMeshActor (Pillar_50x503)
[2016.09.09-19.23.03:102][215]Cmd: SELECT NONE
[2016.09.09-19.23.07:959][357]LogSavePackage: Save=585.21ms
[2016.09.09-19.23.07:959][357]LogSavePackage: Moving '../../../../../../Users/Artem/Documents/Unreal Projects/LevelEditingTutorial/Saved/LevelEditingA62C1A474CF40C46FF05E7AA22B52BFC.tmp' to '../../../../../../Users/Artem/Documents/Unreal Projects/LevelEditingTutorial/Content/LevelEditingTutorial/Maps/LevelEditing.umap'
[2016.09.09-19.23.07:973][357]LogSavePackage:Display: Finished SavePackage ../../../../../../Users/Artem/Documents/Unreal Projects/LevelEditingTutorial/Content/LevelEditingTutorial/Maps/LevelEditing.umap
[2016.09.09-19.23.08:150][357]LogFileHelpers: Saving map 'LevelEditing' took 1.041
[2016.09.09-19.23.39:406][632]LogEditorViewport: Clicking on Actor (LMB): StaticMeshActor (Pillar_50x504)
[2016.09.09-19.24.30:957][387]Cmd: SELECT NONE
[2016.09.09-19.24.38:111][618]LogSavePackage: Save=601.72ms
[2016.09.09-19.24.38:111][618]LogSavePackage: Moving '../../../../../../Users/Artem/Documents/Unreal Projects/LevelEditingTutorial/Saved/LevelEditing7179C9EB425AFD87F5E90D80344E9075.tmp' to '../../../../../../Users/Artem/Documents/Unreal Projects/LevelEditingTutorial/Content/LevelEditingTutorial/Maps/LevelEditing.umap'
[2016.09.09-19.24.38:127][618]LogSavePackage:Display: Finished SavePackage ../../../../../../Users/Artem/Documents/Unreal Projects/LevelEditingTutorial/Content/LevelEditingTutorial/Maps/LevelEditing.umap
[2016.09.09-19.24.38:266][618]LogFileHelpers: Saving map 'LevelEditing' took 1.000
[2016.09.09-19.25.20:004][861]LogActorFactory: Actor Factory created Pillar_50x500
[2016.09.09-19.25.21:391][912]LogActorFactory: Actor Factory created Pillar_50x500
[2016.09.09-19.26.27:735][ 55]Cmd: SELECT NONE
[2016.09.09-19.26.28:593][ 80]LogEditorViewport: Clicking on Actor (LMB): StaticMeshActor (Pillar_50x506)
[2016.09.09-19.26.30:949][150]Cmd: SELECT NONE
[2016.09.09-19.26.58:789][954]LogEditorViewport: Clicking on Actor (context menu): StaticMeshActor (Pillar_50x506)
[2016.09.09-19.26.59:413][958]LogEditorViewport: Clicking on Actor (LMB): StaticMeshActor (Pillar_50x506)
[2016.09.09-19.27.51:394][927]Cmd: SELECT NONE
[2016.09.09-19.28.23:532][276]LogEditorViewport: Clicking on Actor (LMB): StaticMeshActor (Pillar_50x508)
[2016.09.09-19.28.54:579][ 18]Cmd: SELECT NONE
[2016.09.09-19.28.58:582][152]LogEditorViewport: Clicking on Actor (LMB): StaticMeshActor (Pillar_50x508)
[2016.09.09-19.29.01:193][236]Cmd: SELECT NONE
[2016.09.09-19.29.27:062][456]LogEditorViewport: Clicking on Actor (LMB): StaticMeshActor (Pillar_50x509)
[2016.09.09-19.29.40:341][882]Cmd: SELECT NONE
[2016.09.09-19.30.28:008][685]LogEditorViewport: Clicking on Actor (LMB): StaticMeshActor (Pillar_50x509)
[2016.09.09-19.30.37:766][  6]Cmd: SELECT NONE
[2016.09.09-19.31.19:282][354]LogEditorViewport: Clicking on Actor (LMB): StaticMeshActor (Pillar_50x510)
[2016.09.09-19.31.26:266][577]Cmd: SELECT NONE
[2016.09.09-19.31.29:925][707]LogEditorViewport: Clicking on Actor (LMB): StaticMeshActor (Pillar_50x510)
[2016.09.09-19.31.48:485][333]Cmd: SELECT NONE
[2016.09.09-19.31.55:662][555]LogSavePackage: Save=561.75ms
[2016.09.09-19.31.55:662][555]LogSavePackage: Moving '../../../../../../Users/Artem/Documents/Unreal Projects/LevelEditingTutorial/Saved/LevelEditing757D2F4449583CC99FCC249EE4D42A8D.tmp' to '../../../../../../Users/Artem/Documents/Unreal Projects/LevelEditingTutorial/Content/LevelEditingTutorial/Maps/LevelEditing.umap'
[2016.09.09-19.31.55:673][555]LogSavePackage:Display: Finished SavePackage ../../../../../../Users/Artem/Documents/Unreal Projects/LevelEditingTutorial/Content/LevelEditingTutorial/Maps/LevelEditing.umap
[2016.09.09-19.31.55:778][555]LogFileHelpers: Saving map 'LevelEditing' took 0.942
[2016.09.09-19.32.02:932][740]MapCheck: New page: Map Check
[2016.09.09-19.32.02:990][740]Cmd: MAP REBUILD ALLVISIBLE
[2016.09.09-19.32.02:990][740]LogEditorServer: Rebuildmap Clear paths rebuilt
[2016.09.09-19.32.03:085][740]LightingResults: New page: Lighting Build - Sep 10, 2016, 12:32:03 AM
[2016.09.09-19.32.03:117][740]LogSwarmInterface: [OpenConnection] Registering TCP channel ...
[2016.09.09-19.32.03:128][740]LogSwarmInterface: [OpenConnection] Connecting to agent ...
[2016.09.09-19.32.03:128][740]LogSwarmInterface: [TryOpenConnection] Testing the Agent
[2016.09.09-19.32.03:131][740]LogSwarmInterface: [TryOpenConnection] Opening Connection to Agent
[2016.09.09-19.32.03:132][740]LogSwarmInterface: [TryOpenConnection] Local Process ID is 3388
[2016.09.09-19.32.07:697][740]LogStaticLightingSystem:Warning: No importance volume found, so the scene bounding box was used.  You can optimize your scene's quality and lighting build times by adding importance volumes.
[2016.09.09-19.32.07:697][740]LogStaticLightingSystem: Running Lightmass w/ ImmediateImport mode ENABLED
[2016.09.09-19.32.07:698][740]LogStaticLightingSystem: Running Lightmass w/ ImmediateProcess mode ENABLED
[2016.09.09-19.32.07:698][740]LogStaticLightingSystem: Running Lightmass w/ Sorting mode ENABLED
[2016.09.09-19.32.07:698][740]LogStaticLightingSystem: Running Lightmass w/ Mapping paddings ENABLED
[2016.09.09-19.32.07:698][740]LogStaticLightingSystem: Running Lightmass w/ Mapping debug paddings DISABLED
[2016.09.09-19.32.07:999][740]Cmd: MAP CHECK DONTDISPLAYDIALOG
[2016.09.09-19.32.07:999][740]MapCheck: New page: LevelEditing - Sep 10, 2016, 12:32:07 AM
[2016.09.09-19.32.08:001][740]MapCheck:Error: Error WorldSettings_1 Maps need lighting rebuilt 
[2016.09.09-19.32.08:165][740]MapCheck: Info Map check complete: 1 Error(s), 0 Warning(s), took 165.467ms to complete.
[2016.09.09-19.32.08:189][740]LogEditorBuildUtils: Build time 0:05
[2016.09.09-19.32.37:186][374]Job is a success!
[2016.09.09-19.32.40:618][375]LogTexture:Display: Building textures: HQ_Lightmap1_1 (AutoDXT)
[2016.09.09-19.32.40:619][375]LogTexture:Display: Building textures: LQ_Lightmap_1_1 (DXT1)
[2016.09.09-19.32.40:619][375]LogTexture:Display: Building textures: HQ_Lightmap0_2 (AutoDXT)
[2016.09.09-19.32.40:619][375]LogTexture:Display: Building textures: LQ_Lightmap_0_2 (DXT1)
[2016.09.09-19.32.40:619][375]LogTexture:Display: Building textures: HQ_Lightmap1_3 (AutoDXT)
[2016.09.09-19.32.40:619][375]LogTexture:Display: Building textures: LQ_Lightmap_1_3 (DXT1)
[2016.09.09-19.32.41:238][375]LogTexture:Display: Building textures: ShadowMapTexture2D_5 (BGRA8)
[2016.09.09-19.32.41:238][375]LogTexture:Display: Building textures: ShadowMapTexture2D_6 (BGRA8)
[2016.09.09-19.32.41:238][375]LogTexture:Display: Building textures: ShadowMapTexture2D_7 (G8)
[2016.09.09-19.32.41:370][375]Lightmass on ARCHI-PC: 29.3 sec total, 910 ms importing, 127 ms setup, 4.17 sec photons, 24.0 sec processing, 0 ms extra exporting [47/47 mappings]. Threads: 1:36 min total, 57.1 sec processing.
[2016.09.09-19.32.41:391][375]LogStaticLightingSystem: Illumination: 37.9 sec (2.75 sec encoding lightmaps, 612 ms encoding shadowmaps)
[2016.09.09-19.32.41:391][375]LogStaticLightingSystem: Lightmap texture memory:  2.1 MB (2.0 MB streaming, 0.1 MB non-streaming), 6 textures
[2016.09.09-19.32.41:391][375]LogStaticLightingSystem: Shadowmap texture memory: 2.8 MB (2.7 MB streaming, 0.2 MB non-streaming), 3 textures
[2016.09.09-19.32.41:737][376]Cmd: MAP CHECK NOTIFYRESULTS
[2016.09.09-19.32.41:737][376]MapCheck: New page: LevelEditing - Sep 10, 2016, 12:32:41 AM
[2016.09.09-19.32.41:930][376]MapCheck: Info Map check complete: 0 Error(s), 0 Warning(s), took 191.954ms to complete.
[2016.09.09-19.32.58:922][ 17]LogSavePackage: Save=1171.10ms
[2016.09.09-19.32.58:942][ 17]LogSavePackage: Moving '../../../../../../Users/Artem/Documents/Unreal Projects/LevelEditingTutorial/Saved/LevelEditingEA17E177469F02D075B2EC8F811F39F8.tmp' to '../../../../../../Users/Artem/Documents/Unreal Projects/LevelEditingTutorial/Content/LevelEditingTutorial/Maps/LevelEditing.umap'
[2016.09.09-19.32.58:952][ 17]LogSavePackage:Display: Finished SavePackage ../../../../../../Users/Artem/Documents/Unreal Projects/LevelEditingTutorial/Content/LevelEditingTutorial/Maps/LevelEditing.umap
[2016.09.09-19.32.59:060][ 17]LogFileHelpers: Saving map 'LevelEditing' took 1.546
[2016.09.09-19.38.40:103][414]LogWindowsTextInputMethodSystem:Display: IME system now deactivated.
[2016.09.09-19.38.40:103][414]LogWindowsTextInputMethodSystem:Display: IME system now deactivated.
[2016.09.09-19.40.50:781][ 12]MapCheck: New page: Map Check
[2016.09.09-19.40.50:845][ 12]Cmd: MAP REBUILD ALLVISIBLE
[2016.09.09-19.40.50:845][ 12]LogEditorServer: Rebuildmap Clear paths rebuilt
[2016.09.09-19.40.50:968][ 12]LightingResults: New page: Lighting Build - Sep 10, 2016, 12:40:50 AM
[2016.09.09-19.40.50:995][ 12]LogSwarmInterface: [OpenConnection] Registering TCP channel ...
[2016.09.09-19.40.50:998][ 12]LogSwarmInterface: [OpenConnection] Connecting to agent ...
[2016.09.09-19.40.50:998][ 12]LogSwarmInterface: [TryOpenConnection] Testing the Agent
[2016.09.09-19.40.51:001][ 12]LogSwarmInterface: [TryOpenConnection] Opening Connection to Agent
[2016.09.09-19.40.51:001][ 12]LogSwarmInterface: [TryOpenConnection] Local Process ID is 3388
[2016.09.09-19.40.55:519][ 12]LogStaticLightingSystem:Warning: No importance volume found, so the scene bounding box was used.  You can optimize your scene's quality and lighting build times by adding importance volumes.
[2016.09.09-19.40.55:519][ 12]LogStaticLightingSystem: Running Lightmass w/ ImmediateImport mode ENABLED
[2016.09.09-19.40.55:519][ 12]LogStaticLightingSystem: Running Lightmass w/ ImmediateProcess mode ENABLED
[2016.09.09-19.40.55:519][ 12]LogStaticLightingSystem: Running Lightmass w/ Sorting mode ENABLED
[2016.09.09-19.40.55:519][ 12]LogStaticLightingSystem: Running Lightmass w/ Mapping paddings ENABLED
[2016.09.09-19.40.55:519][ 12]LogStaticLightingSystem: Running Lightmass w/ Mapping debug paddings DISABLED
[2016.09.09-19.40.55:817][ 12]Cmd: MAP CHECK DONTDISPLAYDIALOG
[2016.09.09-19.40.55:818][ 12]MapCheck: New page: LevelEditing - Sep 10, 2016, 12:40:55 AM
[2016.09.09-19.40.55:995][ 12]MapCheck: Info Map check complete: 0 Error(s), 0 Warning(s), took 177.653ms to complete.
[2016.09.09-19.40.56:020][ 12]LogEditorBuildUtils: Build time 0:05
[2016.09.09-19.41.38:403][218]Job is a success!
[2016.09.09-19.41.41:599][220]LogTexture:Display: Building textures: HQ_Lightmap0_1 (AutoDXT)
[2016.09.09-19.41.41:599][220]LogTexture:Display: Building textures: LQ_Lightmap_0_1 (DXT1)
[2016.09.09-19.41.41:599][220]LogTexture:Display: Building textures: HQ_Lightmap0_2 (AutoDXT)
[2016.09.09-19.41.41:599][220]LogTexture:Display: Building textures: LQ_Lightmap_0_2 (DXT1)
[2016.09.09-19.41.41:599][220]LogTexture:Display: Building textures: HQ_Lightmap0_3 (AutoDXT)
[2016.09.09-19.41.41:599][220]LogTexture:Display: Building textures: LQ_Lightmap_0_3 (DXT1)
[2016.09.09-19.41.42:228][220]LogTexture:Display: Building textures: ShadowMapTexture2D_8 (BGRA8)
[2016.09.09-19.41.42:228][220]LogTexture:Display: Building textures: ShadowMapTexture2D_9 (BGRA8)
[2016.09.09-19.41.42:228][220]LogTexture:Display: Building textures: ShadowMapTexture2D_10 (G8)
[2016.09.09-19.41.42:347][220]Lightmass on ARCHI-PC: 40.9 sec total, 854 ms importing, 122 ms setup, 4.61 sec photons, 35.3 sec processing, 0 ms extra exporting [47/47 mappings]. Threads: 2:21 min total, 1:28 min processing.
[2016.09.09-19.41.42:376][220]LogStaticLightingSystem: Illumination: 51.3 sec (2.74 sec encoding lightmaps, 623 ms encoding shadowmaps)
[2016.09.09-19.41.42:376][220]LogStaticLightingSystem: Lightmap texture memory:  2.1 MB (2.0 MB streaming, 0.1 MB non-streaming), 6 textures
[2016.09.09-19.41.42:377][220]LogStaticLightingSystem: Shadowmap texture memory: 2.8 MB (2.7 MB streaming, 0.2 MB non-streaming), 3 textures
[2016.09.09-19.41.42:575][221]Cmd: MAP CHECK NOTIFYRESULTS
[2016.09.09-19.41.42:576][221]MapCheck: New page: LevelEditing - Sep 10, 2016, 12:41:42 AM
[2016.09.09-19.41.42:767][221]MapCheck: Info Map check complete: 0 Error(s), 0 Warning(s), took 191.28ms to complete.
[2016.09.09-19.41.46:590][336]Cmd: SELECT NONE
[2016.09.09-19.43.03:309][888]LogSavePackage: Save=442.42ms
[2016.09.09-19.43.03:309][888]LogSavePackage: Moving '../../../../../../Users/Artem/Documents/Unreal Projects/LevelEditingTutorial/Saved/LevelEditing_Auto169A41B3746FBE72D0BF2289093BDF26E.tmp' to '../../../../../../Users/Artem/Documents/Unreal Projects/LevelEditingTutorial/Saved/Autosaves/Game/LevelEditingTutorial/Maps/LevelEditing_Auto1.umap'
[2016.09.09-19.43.03:320][888]LogSavePackage:Display: Finished SavePackage ../../../../../../Users/Artem/Documents/Unreal Projects/LevelEditingTutorial/Saved/Autosaves/Game/LevelEditingTutorial/Maps/LevelEditing_Auto1.umap
[2016.09.09-19.43.03:344][888]LogFileHelpers: Editor autosave (incl. sublevels) for '/Game/LevelEditingTutorial/Maps/LevelEditing' took 0.757
[2016.09.09-19.43.03:344][888]LogFileHelpers: Editor autosave (incl. sublevels) for all levels took 0.757
[2016.09.09-19.43.52:491][778]LogEditorViewport: Clicking on Actor (LMB): PointLight (PointLight)
[2016.09.09-19.43.53:448][810]Cmd: DELETE
[2016.09.09-19.43.53:448][810]Cmd: ACTOR DELETE
[2016.09.09-19.43.53:637][810]LogEditorActor: Deleted Actor: PointLight
[2016.09.09-19.43.53:697][810]LogEditorActor: Deleted 1 Actors (0.192 secs)
[2016.09.09-19.44.15:137][508]LogActorFactory: Actor Factory created SM_PillarFrame
[2016.09.09-19.44.18:701][641]LogActorFactory: Actor Factory created SM_PillarFrame
[2016.09.09-19.44.21:202][722]Cmd: SELECT NONE
[2016.09.09-19.44.23:371][790]LogEditorViewport: Clicking on Actor (LMB): StaticMeshActor (SM_PillarFrame)
[2016.09.09-19.44.28:407][957]Cmd: SELECT NONE
[2016.09.09-19.45.04:232][460]LogEditorViewport: Clicking on Actor (LMB): StaticMeshActor (SM_PillarFrame)
[2016.09.09-19.45.12:622][728]Cmd: SELECT NONE
[2016.09.09-19.45.53:287][775]LogEditorViewport: Clicking on Actor (LMB): StaticMeshActor (SM_PillarFrame)
[2016.09.09-19.46.00:166][  6]Cmd: TRANSACTION UNDO
[2016.09.09-19.46.00:167][  6]LogEditorTransaction: Undo Move Actors
[2016.09.09-19.46.19:761][625]Cmd: SELECT NONE
[2016.09.09-19.46.24:781][816]LogEditorViewport: Clicking on Actor (LMB): StaticMeshActor (SM_PillarFrame2)
[2016.09.09-19.46.45:403][538]LogEditorViewport: Clicking on Actor (LMB): StaticMeshActor (SM_PillarFrame2)
[2016.09.09-19.46.51:921][757]LogEditorViewport: Clicking on Actor (LMB): BP_Sky_Sphere_C (Sky Sphere)
[2016.09.09-19.46.54:462][828]LogEditorViewport: Clicking on Actor (LMB): BP_Sky_Sphere_C (Sky Sphere)
[2016.09.09-19.47.05:560][214]LogEditorViewport: Clicking on Actor (LMB): StaticMeshActor (Pillar_50x501)
[2016.09.09-19.47.22:067][738]Cmd: SELECT NONE
[2016.09.09-19.47.24:855][835]LogEditorViewport: Clicking on Actor (LMB): StaticMeshActor (SM_PillarFrame)
[2016.09.09-19.47.30:909][ 38]Cmd: SELECT NONE
[2016.09.09-19.47.44:462][559]LogEditorViewport: Clicking on Actor (LMB): StaticMeshActor (SM_PillarFrame2)
[2016.09.09-19.47.47:999][680]Cmd: SELECT NONE
[2016.09.09-19.47.55:623][960]LogEditorViewport: Clicking on Actor (LMB): StaticMeshActor (SM_PillarFrame)
[2016.09.09-19.48.26:789][ 55]Cmd: SELECT NONE
[2016.09.09-19.48.28:482][123]LogEditorViewport: Clicking on Actor (LMB): StaticMeshActor (SM_PillarFrame)
[2016.09.09-19.49.51:387][734]LogEditorViewport: Clicking on Actor (LMB): StaticMeshActor (SM_PillarFrame3)
[2016.09.09-19.49.54:704][844]LogEditorViewport: Clicking on Actor (LMB): StaticMeshActor (SM_PillarFrame4)
[2016.09.09-19.50.07:017][ 28]LogEditorViewport: Clicking on Actor (LMB): StaticMeshActor (SM_PillarFrame3)
[2016.09.09-19.50.12:778][209]LogEditorViewport: Clicking on Actor (LMB): StaticMeshActor (SM_PillarFrame4)
[2016.09.09-19.50.17:543][365]Cmd: SELECT NONE
[2016.09.09-19.51.59:005][851]LogEditorViewport: Clicking on Actor (LMB): StaticMeshActor (SM_PillarFrame2)
[2016.09.09-19.52.22:392][577]Cmd: SELECT NONE
[2016.09.09-19.52.32:399][957]LogEditorViewport: Clicking on Actor (LMB): StaticMeshActor (SM_PillarFrame6)
[2016.09.09-19.52.56:764][479]Cmd: SELECT NONE
[2016.09.09-19.53.06:092][884]LogEditorViewport: Clicking on Actor (LMB): StaticMeshActor (SM_PillarFrame5)
[2016.09.09-19.53.30:429][703]Cmd: SELECT NONE
[2016.09.09-19.53.43:221][289]LogEditorViewport: Clicking on Actor (LMB): StaticMeshActor (SM_PillarFrame3)
[2016.09.09-19.53.58:617][777]LogSavePackage: Save=989.26ms
[2016.09.09-19.53.58:617][777]LogSavePackage: Moving '../../../../../../Users/Artem/Documents/Unreal Projects/LevelEditingTutorial/Saved/LevelEditingAD8B89E3454E0921D99881A57CBCDD5F.tmp' to '../../../../../../Users/Artem/Documents/Unreal Projects/LevelEditingTutorial/Content/LevelEditingTutorial/Maps/LevelEditing.umap'
[2016.09.09-19.53.58:628][777]LogSavePackage:Display: Finished SavePackage ../../../../../../Users/Artem/Documents/Unreal Projects/LevelEditingTutorial/Content/LevelEditingTutorial/Maps/LevelEditing.umap
[2016.09.09-19.53.59:013][777]LogFileHelpers: Saving map 'LevelEditing' took 1.697
[2016.09.09-19.55.01:800][238]Cmd: SELECT NONE
[2016.09.09-19.55.11:256][642]LogEditorViewport: Clicking on Actor (LMB): StaticMeshActor (SM_PillarFrame)
[2016.09.09-19.55.37:155][389]Cmd: SELECT NONE
[2016.09.09-19.55.47:136][482]LogEditorViewport: Clicking on Actor (LMB): StaticMeshActor (SM_PillarFrame)
[2016.09.09-19.55.58:620][764]Cmd: SELECT NONE
[2016.09.09-19.56.01:907][884]LogEditorViewport: Clicking on Actor (LMB): StaticMeshActor (SM_PillarFrame)
[2016.09.09-19.56.49:488][618]LogEditorViewport: Clicking on Actor (LMB): StaticMeshActor (SM_PillarFrame8)
[2016.09.09-19.56.51:111][668]LogEditorViewport: Clicking on Actor (CTRL LMB): StaticMeshActor (SM_PillarFrame)
[2016.09.09-19.56.51:858][679]LogEditorViewport: Clicking on Actor (CTRL LMB): StaticMeshActor (SM_PillarFrame9)
[2016.09.09-19.56.52:920][708]LogEditorViewport: Clicking on Actor (CTRL LMB): StaticMeshActor (SM_PillarFrame10)
[2016.09.09-19.56.53:732][729]LogEditorViewport: Clicking on Actor (CTRL LMB): StaticMeshActor (SM_PillarFrame11)
[2016.09.09-19.57.24:271][393]Cmd: SELECT NONE
[2016.09.09-19.57.34:446][601]LogEditorViewport: Clicking on Actor (LMB): StaticMeshActor (SM_PillarFrame15)
[2016.09.09-19.57.42:933][744]LogEditorViewport: Clicking on Actor (LMB): StaticMeshActor (SM_PillarFrame11)
[2016.09.09-19.57.44:032][760]Cmd: SELECT NONE
[2016.09.09-19.57.51:669][878]LogEditorViewport: Clicking on Actor (LMB): StaticMeshActor (SM_PillarFrame12)
[2016.09.09-19.58.07:497][342]Cmd: SELECT NONE
[2016.09.09-19.58.08:962][395]LogEditorViewport: Clicking on Actor (LMB): StaticMeshActor (SM_PillarFrame14)
[2016.09.09-19.58.12:492][500]LogEditorViewport: Clicking on Actor (LMB): StaticMeshActor (SM_PillarFrame13)
[2016.09.09-19.58.15:764][605]LogEditorViewport: Clicking on Actor (LMB): StaticMeshActor (SM_PillarFrame12)
[2016.09.09-19.58.18:811][703]Cmd: TRANSACTION UNDO
[2016.09.09-19.58.18:812][703]LogEditorTransaction: Undo Move Actors
[2016.09.09-19.58.22:767][832]LogEditorViewport: Clicking on Actor (LMB): StaticMeshActor (SM_PillarFrame14)
[2016.09.09-19.58.25:296][910]LogEditorViewport: Clicking on Actor (LMB): StaticMeshActor (SM_PillarFrame15)
[2016.09.09-19.58.28:947][ 28]LogEditorViewport: Clicking on Actor (LMB): StaticMeshActor (SM_PillarFrame14)
[2016.09.09-19.58.31:330][101]LogEditorViewport: Clicking on Actor (LMB): StaticMeshActor (SM_PillarFrame13)
[2016.09.09-19.58.34:387][198]LogEditorViewport: Clicking on Actor (LMB): StaticMeshActor (SM_PillarFrame12)
[2016.09.09-19.58.42:695][465]LogEditorViewport: Clicking on Actor (LMB): StaticMeshActor (SM_PillarFrame11)
[2016.09.09-19.58.44:141][502]Cmd: DELETE
[2016.09.09-19.58.44:141][502]Cmd: ACTOR DELETE
[2016.09.09-19.58.49:922][502]LogEditorActor: Deleted Actor: StaticMeshActor
[2016.09.09-19.58.51:211][502]LogEditorActor: Deleted Actor: StaticMeshActor
[2016.09.09-19.58.51:830][502]LogEditorActor: Deleted Actor: StaticMeshActor
[2016.09.09-19.58.52:413][502]LogEditorActor: Deleted Actor: StaticMeshActor
[2016.09.09-19.58.53:383][502]LogEditorActor: Deleted Actor: StaticMeshActor
[2016.09.09-19.58.53:457][502]LogEditorActor: Deleted 5 Actors (9.316 secs)
[2016.09.09-19.58.54:703][545]LogEditorViewport: Clicking on Actor (LMB): StaticMeshActor (SM_PillarFrame12)
[2016.09.09-19.58.55:502][566]LogEditorViewport: Clicking on Actor (CTRL LMB): StaticMeshActor (SM_PillarFrame13)
[2016.09.09-19.58.56:122][580]LogEditorViewport: Clicking on Actor (CTRL LMB): StaticMeshActor (SM_PillarFrame14)
[2016.09.09-19.58.56:809][596]LogEditorViewport: Clicking on Actor (CTRL LMB): StaticMeshActor (SM_PillarFrame15)
[2016.09.09-19.58.57:803][623]LogEditorViewport: Clicking on Actor (CTRL LMB): StaticMeshActor (SM_PillarFrame16)
[2016.09.09-19.59.13:080][ 91]Cmd: SELECT NONE
[2016.09.09-19.59.17:118][239]LogEditorViewport: Clicking on Actor (LMB): StaticMeshActor (SM_PillarFrame13)
[2016.09.09-19.59.37:600][867]Cmd: SELECT NONE
[2016.09.09-19.59.44:697][117]LogEditorViewport: Clicking on Actor (LMB): StaticMeshActor (SM_PillarFrame13)
[2016.09.09-19.59.52:093][355]Cmd: TRANSACTION UNDO
[2016.09.09-19.59.52:093][355]LogEditorTransaction: Undo Move Actors
[2016.09.09-19.59.52:100][355]LogActorComponent: ~FComponentReregisterContext: (/Game/LevelEditingTutorial/Maps/LevelEditing.LevelEditing:PersistentLevel.SM_PillarFrame15.StaticMeshComponent0) Component already registered.
[2016.09.09-20.00.17:023][130]Cmd: SELECT NONE
[2016.09.09-20.00.23:148][348]LogEditorViewport: Clicking on Actor (LMB): StaticMeshActor (SM_PillarFrame20)
[2016.09.09-20.00.27:306][479]Cmd: SELECT NONE
[2016.09.09-20.00.31:313][609]LogEditorViewport: Clicking on Actor (LMB): StaticMeshActor (SM_PillarFrame24)
[2016.09.09-20.00.39:491][879]Cmd: SELECT NONE
[2016.09.09-20.01.03:692][ 29]LogEditorViewport: Clicking on Actor (LMB): StaticMeshActor (SM_PillarFrame24)
[2016.09.09-20.01.40:124][774]Cmd: TRANSACTION UNDO
[2016.09.09-20.01.40:124][774]LogEditorTransaction: Undo Move Actors
[2016.09.09-20.01.40:131][774]LogActorComponent: ~FComponentReregisterContext: (/Game/LevelEditingTutorial/Maps/LevelEditing.LevelEditing:PersistentLevel.SM_PillarFrame30.StaticMeshComponent0) Component already registered.
[2016.09.09-20.02.05:804][176]Cmd: SELECT NONE
[2016.09.09-20.02.21:878][678]LogEditorViewport: Clicking on Actor (LMB): StaticMeshActor (SM_PillarFrame29)
[2016.09.09-20.02.31:945][951]Cmd: SELECT NONE
[2016.09.09-20.02.43:738][375]Cmd: SELECT NONE
[2016.09.09-20.03.59:340][631]LogSavePackage: Save=1486.89ms
[2016.09.09-20.03.59:340][631]LogSavePackage: Moving '../../../../../../Users/Artem/Documents/Unreal Projects/LevelEditingTutorial/Saved/LevelEditing_Auto25E19C5104FF31D53566EA08A37E53749.tmp' to '../../../../../../Users/Artem/Documents/Unreal Projects/LevelEditingTutorial/Saved/Autosaves/Game/LevelEditingTutorial/Maps/LevelEditing_Auto2.umap'
[2016.09.09-20.03.59:353][631]LogSavePackage:Display: Finished SavePackage ../../../../../../Users/Artem/Documents/Unreal Projects/LevelEditingTutorial/Saved/Autosaves/Game/LevelEditingTutorial/Maps/LevelEditing_Auto2.umap
[2016.09.09-20.03.59:363][631]LogFileHelpers: Editor autosave (incl. sublevels) for '/Game/LevelEditingTutorial/Maps/LevelEditing' took 1.749
[2016.09.09-20.03.59:364][631]LogFileHelpers: Editor autosave (incl. sublevels) for all levels took 1.749
[2016.09.09-20.04.42:056][871]LogEditorViewport: Clicking on Actor (LMB): StaticMeshActor (SM_PillarFrame29)
[2016.09.09-20.04.57:772][354]LogWindowsTextInputMethodSystem:Display: IME system now deactivated.
[2016.09.09-20.04.57:773][354]LogWindowsTextInputMethodSystem:Display: IME system now deactivated.
[2016.09.09-20.05.36:642][543]Cmd: TRANSACTION UNDO
[2016.09.09-20.05.36:642][543]LogEditorTransaction: Undo Move Actors
[2016.09.09-20.05.36:655][543]LogActorComponent: ~FComponentReregisterContext: (/Game/LevelEditingTutorial/Maps/LevelEditing.LevelEditing:PersistentLevel.SM_PillarFrame35.StaticMeshComponent0) Component already registered.
[2016.09.09-20.05.37:158][553]Cmd: TRANSACTION UNDO
[2016.09.09-20.05.37:158][553]LogEditorTransaction: Undo Move Actors
[2016.09.09-20.05.37:195][553]LogActorComponent: ~FComponentReregisterContext: (/Game/LevelEditingTutorial/Maps/LevelEditing.LevelEditing:PersistentLevel.SM_PillarFrame35.StaticMeshComponent0) Component already registered.
[2016.09.09-20.05.37:637][568]Cmd: TRANSACTION UNDO
[2016.09.09-20.05.37:637][568]LogEditorTransaction: Undo Move Actors
[2016.09.09-20.05.37:644][568]LogActorComponent: ~FComponentReregisterContext: (/Game/LevelEditingTutorial/Maps/LevelEditing.LevelEditing:PersistentLevel.SM_PillarFrame35.StaticMeshComponent0) Component already registered.
[2016.09.09-20.05.38:126][583]Cmd: TRANSACTION UNDO
[2016.09.09-20.05.38:126][583]LogEditorTransaction: Undo Rotate Actors
[2016.09.09-20.05.38:135][583]LogActorComponent: ~FComponentReregisterContext: (/Game/LevelEditingTutorial/Maps/LevelEditing.LevelEditing:PersistentLevel.SM_PillarFrame35.StaticMeshComponent0) Component already registered.
[2016.09.09-20.06.17:091][580]LogSavePackage: Save=1419.90ms
[2016.09.09-20.06.17:092][580]LogSavePackage: Moving '../../../../../../Users/Artem/Documents/Unreal Projects/LevelEditingTutorial/Saved/LevelEditingBF19D5E446C5A49B401878B075FF3EC5.tmp' to '../../../../../../Users/Artem/Documents/Unreal Projects/LevelEditingTutorial/Content/LevelEditingTutorial/Maps/LevelEditing.umap'
[2016.09.09-20.06.17:116][580]LogSavePackage:Display: Finished SavePackage ../../../../../../Users/Artem/Documents/Unreal Projects/LevelEditingTutorial/Content/LevelEditingTutorial/Maps/LevelEditing.umap
[2016.09.09-20.06.17:490][580]LogFileHelpers: Saving map 'LevelEditing' took 2.220
[2016.09.09-20.06.59:740][ 73]Cmd: SELECT NONE
[2016.09.09-20.07.07:859][363]LogEditorViewport: Clicking on Actor (LMB): StaticMeshActor (SM_PillarFrame44)
[2016.09.09-20.07.31:809][ 74]Cmd: SELECT NONE
[2016.09.09-20.08.47:900][ 46]LogSavePackage: Save=2068.94ms
[2016.09.09-20.08.47:903][ 46]LogSavePackage: Moving '../../../../../../Users/Artem/Documents/Unreal Projects/LevelEditingTutorial/Saved/LevelEditing019A37BB4FF9EA2218DA1F9070F3A4D7.tmp' to '../../../../../../Users/Artem/Documents/Unreal Projects/LevelEditingTutorial/Content/LevelEditingTutorial/Maps/LevelEditing.umap'
[2016.09.09-20.08.47:943][ 46]LogSavePackage:Display: Finished SavePackage ../../../../../../Users/Artem/Documents/Unreal Projects/LevelEditingTutorial/Content/LevelEditingTutorial/Maps/LevelEditing.umap
[2016.09.09-20.08.48:292][ 46]LogFileHelpers: Saving map 'LevelEditing' took 2.841
[2016.09.09-20.08.49:738][ 91]MapCheck: New page: Map Check
[2016.09.09-20.08.49:799][ 91]Cmd: MAP REBUILD ALLVISIBLE
[2016.09.09-20.08.49:799][ 91]LogEditorServer: Rebuildmap Clear paths rebuilt
[2016.09.09-20.08.49:950][ 91]LightingResults: New page: Lighting Build - Sep 10, 2016, 1:08:49 AM
[2016.09.09-20.08.49:980][ 91]LogSwarmInterface: [OpenConnection] Registering TCP channel ...
[2016.09.09-20.08.49:987][ 91]LogSwarmInterface: [OpenConnection] Connecting to agent ...
[2016.09.09-20.08.49:988][ 91]LogSwarmInterface: [TryOpenConnection] Testing the Agent
[2016.09.09-20.08.49:991][ 91]LogSwarmInterface: [TryOpenConnection] Opening Connection to Agent
[2016.09.09-20.08.49:991][ 91]LogSwarmInterface: [TryOpenConnection] Local Process ID is 3388
[2016.09.09-20.08.54:509][ 91]LogStaticLightingSystem:Warning: No importance volume found, so the scene bounding box was used.  You can optimize your scene's quality and lighting build times by adding importance volumes.
[2016.09.09-20.08.54:509][ 91]LogStaticLightingSystem: Running Lightmass w/ ImmediateImport mode ENABLED
[2016.09.09-20.08.54:509][ 91]LogStaticLightingSystem: Running Lightmass w/ ImmediateProcess mode ENABLED
[2016.09.09-20.08.54:509][ 91]LogStaticLightingSystem: Running Lightmass w/ Sorting mode ENABLED
[2016.09.09-20.08.54:509][ 91]LogStaticLightingSystem: Running Lightmass w/ Mapping paddings ENABLED
[2016.09.09-20.08.54:509][ 91]LogStaticLightingSystem: Running Lightmass w/ Mapping debug paddings DISABLED
[2016.09.09-20.08.54:837][ 91]Cmd: MAP CHECK DONTDISPLAYDIALOG
[2016.09.09-20.08.54:838][ 91]MapCheck: New page: LevelEditing - Sep 10, 2016, 1:08:54 AM
[2016.09.09-20.08.54:840][ 91]MapCheck:Error: Error WorldSettings_1 Maps need lighting rebuilt 
[2016.09.09-20.08.55:005][ 91]MapCheck: Info Map check complete: 1 Error(s), 0 Warning(s), took 167.795ms to complete.
[2016.09.09-20.08.55:029][ 91]LogEditorBuildUtils: Build time 0:05
[2016.09.09-20.09.29:442][109]LogWindowsTextInputMethodSystem:Display: IME system now deactivated.
[2016.09.09-20.09.29:442][109]LogWindowsTextInputMethodSystem:Display: IME system now deactivated.
[2016.09.09-20.11.45:051][115]Job is a success!
